2025-10-30 07:23:26.288 [main] INFO  r.c.t.TgbotNailsApplicationKt - Starting TgbotNailsApplicationKt using Java 17.0.15 with PID 11088 (D:\Projects\Education\tgbot_nails\build\classes\kotlin\main started by DSFPW in D:\Projects\Education\tgbot_nails)
2025-10-30 07:23:26.295 [main] INFO  r.c.t.TgbotNailsApplicationKt - No active profile set, falling back to 1 default profile: "default"
2025-10-30 07:23:27.732 [main] INFO  o.s.b.w.e.tomcat.TomcatWebServer - Tomcat initialized with port 8080 (http)
2025-10-30 07:23:27.747 [main] INFO  o.a.coyote.http11.Http11NioProtocol - Initializing ProtocolHandler ["http-nio-8080"]
2025-10-30 07:23:27.751 [main] INFO  o.a.catalina.core.StandardService - Starting service [Tomcat]
2025-10-30 07:23:27.751 [main] INFO  o.a.catalina.core.StandardEngine - Starting Servlet engine: [Apache Tomcat/10.1.44]
2025-10-30 07:23:27.842 [main] INFO  o.a.c.c.C.[Tomcat].[localhost].[/] - Initializing Spring embedded WebApplicationContext
2025-10-30 07:23:27.843 [main] INFO  o.s.b.w.s.c.ServletWebServerApplicationContext - Root WebApplicationContext: initialization completed in 1479 ms
2025-10-30 07:23:29.043 [main] INFO  com.zaxxer.hikari.HikariDataSource - tg-nails-pool - Starting...
2025-10-30 07:23:29.267 [main] INFO  com.zaxxer.hikari.pool.HikariPool - tg-nails-pool - Added connection org.postgresql.jdbc.PgConnection@77663cd7
2025-10-30 07:23:29.269 [main] INFO  com.zaxxer.hikari.HikariDataSource - tg-nails-pool - Start completed.
2025-10-30 07:23:29.369 [main] INFO  o.s.v.b.OptionalValidatorFactoryBean - Failed to set up a Bean Validation provider: jakarta.validation.NoProviderFoundException: Unable to create a Configuration, because no Jakarta Bean Validation provider could be found. Add a provider like Hibernate Validator (RI) to your classpath.
2025-10-30 07:23:29.742 [main] INFO  org.flywaydb.core.FlywayExecutor - Database: jdbc:postgresql://localhost:5432/tg_nails (PostgreSQL 17.5)
2025-10-30 07:23:29.766 [main] WARN  o.f.c.i.database.base.Database - Flyway upgrade recommended: PostgreSQL 17.5 is newer than this version of Flyway and support has not been tested. The latest supported version of PostgreSQL is 16.
2025-10-30 07:23:29.818 [main] INFO  o.f.core.internal.command.DbValidate - Successfully validated 2 migrations (execution time 00:00.037s)
2025-10-30 07:23:29.832 [main] INFO  o.f.core.internal.command.DbMigrate - Current version of schema "public": 2
2025-10-30 07:23:29.837 [main] INFO  o.f.core.internal.command.DbMigrate - Schema "public" is up to date. No migration necessary.
2025-10-30 07:23:29.911 [main] INFO  o.a.coyote.http11.Http11NioProtocol - Starting ProtocolHandler ["http-nio-8080"]
2025-10-30 07:23:29.939 [main] INFO  o.s.b.w.e.tomcat.TomcatWebServer - Tomcat started on port 8080 (http) with context path '/'
2025-10-30 07:23:29.952 [main] INFO  r.c.t.TgbotNailsApplicationKt - Started TgbotNailsApplicationKt in 4.205 seconds (process running for 4.988)
2025-10-30 07:25:58.495 [main] INFO  r.c.t.TgbotNailsApplicationKt - Starting TgbotNailsApplicationKt using Java 17.0.15 with PID 17760 (D:\Projects\Education\tgbot_nails\build\classes\kotlin\main started by DSFPW in D:\Projects\Education\tgbot_nails)
2025-10-30 07:25:58.499 [main] INFO  r.c.t.TgbotNailsApplicationKt - No active profile set, falling back to 1 default profile: "default"
2025-10-30 07:25:59.989 [main] INFO  o.s.b.w.e.tomcat.TomcatWebServer - Tomcat initialized with port 8080 (http)
2025-10-30 07:26:00.004 [main] INFO  o.a.coyote.http11.Http11NioProtocol - Initializing ProtocolHandler ["http-nio-8080"]
2025-10-30 07:26:00.006 [main] INFO  o.a.catalina.core.StandardService - Starting service [Tomcat]
2025-10-30 07:26:00.006 [main] INFO  o.a.catalina.core.StandardEngine - Starting Servlet engine: [Apache Tomcat/10.1.44]
2025-10-30 07:26:00.117 [main] INFO  o.a.c.c.C.[Tomcat].[localhost].[/] - Initializing Spring embedded WebApplicationContext
2025-10-30 07:26:00.119 [main] INFO  o.s.b.w.s.c.ServletWebServerApplicationContext - Root WebApplicationContext: initialization completed in 1533 ms
2025-10-30 07:26:01.147 [main] INFO  com.zaxxer.hikari.HikariDataSource - tg-nails-pool - Starting...
2025-10-30 07:26:01.351 [main] INFO  com.zaxxer.hikari.pool.HikariPool - tg-nails-pool - Added connection org.postgresql.jdbc.PgConnection@1515f782
2025-10-30 07:26:01.353 [main] INFO  com.zaxxer.hikari.HikariDataSource - tg-nails-pool - Start completed.
2025-10-30 07:26:01.457 [main] INFO  o.s.v.b.OptionalValidatorFactoryBean - Failed to set up a Bean Validation provider: jakarta.validation.NoProviderFoundException: Unable to create a Configuration, because no Jakarta Bean Validation provider could be found. Add a provider like Hibernate Validator (RI) to your classpath.
2025-10-30 07:26:01.820 [main] INFO  org.flywaydb.core.FlywayExecutor - Database: jdbc:postgresql://localhost:5432/tg_nails (PostgreSQL 17.5)
2025-10-30 07:26:01.831 [main] WARN  o.f.c.i.database.base.Database - Flyway upgrade recommended: PostgreSQL 17.5 is newer than this version of Flyway and support has not been tested. The latest supported version of PostgreSQL is 16.
2025-10-30 07:26:01.873 [main] INFO  o.f.core.internal.command.DbValidate - Successfully validated 2 migrations (execution time 00:00.031s)
2025-10-30 07:26:01.887 [main] INFO  o.f.core.internal.command.DbMigrate - Current version of schema "public": 2
2025-10-30 07:26:01.890 [main] INFO  o.f.core.internal.command.DbMigrate - Schema "public" is up to date. No migration necessary.
2025-10-30 07:26:01.970 [main] INFO  o.a.coyote.http11.Http11NioProtocol - Starting ProtocolHandler ["http-nio-8080"]
2025-10-30 07:26:01.990 [main] INFO  o.s.b.w.e.tomcat.TomcatWebServer - Tomcat started on port 8080 (http) with context path '/'
2025-10-30 07:26:02.003 [main] INFO  r.c.t.TgbotNailsApplicationKt - Started TgbotNailsApplicationKt in 3.987 seconds (process running for 4.635)
2025-10-30 07:50:38.775 [main] INFO  r.c.t.TgbotNailsApplicationKt - Starting TgbotNailsApplicationKt using Java 17.0.15 with PID 8920 (D:\Projects\Education\tgbot_nails\build\classes\kotlin\main started by DSFPW in D:\Projects\Education\tgbot_nails)
2025-10-30 07:50:38.777 [main] INFO  r.c.t.TgbotNailsApplicationKt - No active profile set, falling back to 1 default profile: "default"
2025-10-30 07:50:40.137 [main] INFO  o.s.b.w.e.tomcat.TomcatWebServer - Tomcat initialized with port 8080 (http)
2025-10-30 07:50:40.152 [main] INFO  o.a.coyote.http11.Http11NioProtocol - Initializing ProtocolHandler ["http-nio-8080"]
2025-10-30 07:50:40.155 [main] INFO  o.a.catalina.core.StandardService - Starting service [Tomcat]
2025-10-30 07:50:40.155 [main] INFO  o.a.catalina.core.StandardEngine - Starting Servlet engine: [Apache Tomcat/10.1.44]
2025-10-30 07:50:40.232 [main] INFO  o.a.c.c.C.[Tomcat].[localhost].[/] - Initializing Spring embedded WebApplicationContext
2025-10-30 07:50:40.233 [main] INFO  o.s.b.w.s.c.ServletWebServerApplicationContext - Root WebApplicationContext: initialization completed in 1393 ms
2025-10-30 07:50:41.190 [main] INFO  com.zaxxer.hikari.HikariDataSource - tg-nails-pool - Starting...
2025-10-30 07:50:41.373 [main] INFO  com.zaxxer.hikari.pool.HikariPool - tg-nails-pool - Added connection org.postgresql.jdbc.PgConnection@77ccded4
2025-10-30 07:50:41.375 [main] INFO  com.zaxxer.hikari.HikariDataSource - tg-nails-pool - Start completed.
2025-10-30 07:50:41.478 [main] INFO  o.s.v.b.OptionalValidatorFactoryBean - Failed to set up a Bean Validation provider: jakarta.validation.NoProviderFoundException: Unable to create a Configuration, because no Jakarta Bean Validation provider could be found. Add a provider like Hibernate Validator (RI) to your classpath.
2025-10-30 07:50:41.840 [main] INFO  org.flywaydb.core.FlywayExecutor - Database: jdbc:postgresql://localhost:5432/tg_nails (PostgreSQL 17.5)
2025-10-30 07:50:41.850 [main] WARN  o.f.c.i.database.base.Database - Flyway upgrade recommended: PostgreSQL 17.5 is newer than this version of Flyway and support has not been tested. The latest supported version of PostgreSQL is 16.
2025-10-30 07:50:41.892 [main] INFO  o.f.core.internal.command.DbValidate - Successfully validated 3 migrations (execution time 00:00.030s)
2025-10-30 07:50:41.905 [main] INFO  o.f.core.internal.command.DbMigrate - Current version of schema "public": 2
2025-10-30 07:50:41.918 [main] INFO  o.f.core.internal.command.DbMigrate - Migrating schema "public" to version "3 - add telegram id to masters"
2025-10-30 07:50:41.947 [main] INFO  o.f.core.internal.command.DbMigrate - Successfully applied 1 migration to schema "public", now at version v3 (execution time 00:00.014s)
2025-10-30 07:50:42.029 [main] INFO  o.a.coyote.http11.Http11NioProtocol - Starting ProtocolHandler ["http-nio-8080"]
2025-10-30 07:50:42.049 [main] INFO  o.s.b.w.e.tomcat.TomcatWebServer - Tomcat started on port 8080 (http) with context path '/'
2025-10-30 07:50:42.063 [main] INFO  r.c.t.TgbotNailsApplicationKt - Started TgbotNailsApplicationKt in 3.733 seconds (process running for 4.373)
2025-10-30 09:43:24.811 [main] INFO  r.c.t.TgbotNailsApplicationKt - Starting TgbotNailsApplicationKt using Java 17.0.15 with PID 17356 (D:\Projects\Education\tgbot_nails\build\classes\kotlin\main started by DSFPW in D:\Projects\Education\tgbot_nails)
2025-10-30 09:43:24.813 [main] INFO  r.c.t.TgbotNailsApplicationKt - No active profile set, falling back to 1 default profile: "default"
2025-10-30 09:43:26.287 [main] INFO  o.s.b.w.e.tomcat.TomcatWebServer - Tomcat initialized with port 8080 (http)
2025-10-30 09:43:26.312 [main] INFO  o.a.coyote.http11.Http11NioProtocol - Initializing ProtocolHandler ["http-nio-8080"]
2025-10-30 09:43:26.317 [main] INFO  o.a.catalina.core.StandardService - Starting service [Tomcat]
2025-10-30 09:43:26.317 [main] INFO  o.a.catalina.core.StandardEngine - Starting Servlet engine: [Apache Tomcat/10.1.44]
2025-10-30 09:43:26.441 [main] INFO  o.a.c.c.C.[Tomcat].[localhost].[/] - Initializing Spring embedded WebApplicationContext
2025-10-30 09:43:26.443 [main] INFO  o.s.b.w.s.c.ServletWebServerApplicationContext - Root WebApplicationContext: initialization completed in 1565 ms
2025-10-30 09:43:27.464 [main] INFO  com.zaxxer.hikari.HikariDataSource - tg-nails-pool - Starting...
2025-10-30 09:43:27.644 [main] INFO  com.zaxxer.hikari.pool.HikariPool - tg-nails-pool - Added connection org.postgresql.jdbc.PgConnection@2c8ff67
2025-10-30 09:43:27.646 [main] INFO  com.zaxxer.hikari.HikariDataSource - tg-nails-pool - Start completed.
2025-10-30 09:43:27.756 [main] INFO  o.s.v.b.OptionalValidatorFactoryBean - Failed to set up a Bean Validation provider: jakarta.validation.NoProviderFoundException: Unable to create a Configuration, because no Jakarta Bean Validation provider could be found. Add a provider like Hibernate Validator (RI) to your classpath.
2025-10-30 09:43:28.118 [main] INFO  org.flywaydb.core.FlywayExecutor - Database: jdbc:postgresql://localhost:5432/tg_nails (PostgreSQL 17.5)
2025-10-30 09:43:28.129 [main] WARN  o.f.c.i.database.base.Database - Flyway upgrade recommended: PostgreSQL 17.5 is newer than this version of Flyway and support has not been tested. The latest supported version of PostgreSQL is 16.
2025-10-30 09:43:28.172 [main] INFO  o.f.core.internal.command.DbValidate - Successfully validated 3 migrations (execution time 00:00.031s)
2025-10-30 09:43:28.185 [main] INFO  o.f.core.internal.command.DbMigrate - Current version of schema "public": 3
2025-10-30 09:43:28.187 [main] INFO  o.f.core.internal.command.DbMigrate - Schema "public" is up to date. No migration necessary.
2025-10-30 09:43:28.272 [main] INFO  o.a.coyote.http11.Http11NioProtocol - Starting ProtocolHandler ["http-nio-8080"]
2025-10-30 09:43:28.297 [main] INFO  o.s.b.w.e.tomcat.TomcatWebServer - Tomcat started on port 8080 (http) with context path '/'
2025-10-30 09:43:28.312 [main] INFO  r.c.t.TgbotNailsApplicationKt - Started TgbotNailsApplicationKt in 3.98 seconds (process running for 4.651)
2025-10-30 10:07:48.458 [main] INFO  r.c.t.TgbotNailsApplicationKt - Starting TgbotNailsApplicationKt using Java 17.0.15 with PID 6680 (D:\Projects\Education\tgbot_nails\build\classes\kotlin\main started by DSFPW in D:\Projects\Education\tgbot_nails)
2025-10-30 10:07:48.461 [main] INFO  r.c.t.TgbotNailsApplicationKt - No active profile set, falling back to 1 default profile: "default"
2025-10-30 10:07:49.844 [main] INFO  o.s.b.w.e.tomcat.TomcatWebServer - Tomcat initialized with port 8080 (http)
2025-10-30 10:07:49.865 [main] INFO  o.a.coyote.http11.Http11NioProtocol - Initializing ProtocolHandler ["http-nio-8080"]
2025-10-30 10:07:49.868 [main] INFO  o.a.catalina.core.StandardService - Starting service [Tomcat]
2025-10-30 10:07:49.869 [main] INFO  o.a.catalina.core.StandardEngine - Starting Servlet engine: [Apache Tomcat/10.1.44]
2025-10-30 10:07:49.955 [main] INFO  o.a.c.c.C.[Tomcat].[localhost].[/] - Initializing Spring embedded WebApplicationContext
2025-10-30 10:07:49.956 [main] INFO  o.s.b.w.s.c.ServletWebServerApplicationContext - Root WebApplicationContext: initialization completed in 1433 ms
2025-10-30 10:07:50.928 [main] INFO  com.zaxxer.hikari.HikariDataSource - tg-nails-pool - Starting...
2025-10-30 10:07:51.116 [main] INFO  com.zaxxer.hikari.pool.HikariPool - tg-nails-pool - Added connection org.postgresql.jdbc.PgConnection@7afe0e67
2025-10-30 10:07:51.118 [main] INFO  com.zaxxer.hikari.HikariDataSource - tg-nails-pool - Start completed.
2025-10-30 10:07:51.221 [main] INFO  o.s.v.b.OptionalValidatorFactoryBean - Failed to set up a Bean Validation provider: jakarta.validation.NoProviderFoundException: Unable to create a Configuration, because no Jakarta Bean Validation provider could be found. Add a provider like Hibernate Validator (RI) to your classpath.
2025-10-30 10:07:51.592 [main] INFO  org.flywaydb.core.FlywayExecutor - Database: jdbc:postgresql://localhost:5432/tg_nails (PostgreSQL 17.5)
2025-10-30 10:07:51.604 [main] WARN  o.f.c.i.database.base.Database - Flyway upgrade recommended: PostgreSQL 17.5 is newer than this version of Flyway and support has not been tested. The latest supported version of PostgreSQL is 16.
2025-10-30 10:07:51.647 [main] INFO  o.f.core.internal.command.DbValidate - Successfully validated 3 migrations (execution time 00:00.031s)
2025-10-30 10:07:51.661 [main] INFO  o.f.core.internal.command.DbMigrate - Current version of schema "public": 3
2025-10-30 10:07:51.663 [main] INFO  o.f.core.internal.command.DbMigrate - Schema "public" is up to date. No migration necessary.
2025-10-30 10:07:51.748 [main] INFO  o.a.coyote.http11.Http11NioProtocol - Starting ProtocolHandler ["http-nio-8080"]
2025-10-30 10:07:51.768 [main] INFO  o.s.b.w.e.tomcat.TomcatWebServer - Tomcat started on port 8080 (http) with context path '/'
2025-10-30 10:07:51.783 [main] INFO  r.c.t.TgbotNailsApplicationKt - Started TgbotNailsApplicationKt in 3.778 seconds (process running for 4.42)
2025-10-30 10:25:44.252 [main] INFO  r.c.t.TgbotNailsApplicationKt - Starting TgbotNailsApplicationKt using Java 17.0.15 with PID 15020 (D:\Projects\Education\tgbot_nails\build\classes\kotlin\main started by DSFPW in D:\Projects\Education\tgbot_nails)
2025-10-30 10:25:44.256 [main] INFO  r.c.t.TgbotNailsApplicationKt - No active profile set, falling back to 1 default profile: "default"
2025-10-30 10:25:45.632 [main] INFO  o.s.b.w.e.tomcat.TomcatWebServer - Tomcat initialized with port 8080 (http)
2025-10-30 10:25:45.647 [main] INFO  o.a.coyote.http11.Http11NioProtocol - Initializing ProtocolHandler ["http-nio-8080"]
2025-10-30 10:25:45.649 [main] INFO  o.a.catalina.core.StandardService - Starting service [Tomcat]
2025-10-30 10:25:45.649 [main] INFO  o.a.catalina.core.StandardEngine - Starting Servlet engine: [Apache Tomcat/10.1.44]
2025-10-30 10:25:45.735 [main] INFO  o.a.c.c.C.[Tomcat].[localhost].[/] - Initializing Spring embedded WebApplicationContext
2025-10-30 10:25:45.736 [main] INFO  o.s.b.w.s.c.ServletWebServerApplicationContext - Root WebApplicationContext: initialization completed in 1417 ms
2025-10-30 10:25:46.742 [main] INFO  com.zaxxer.hikari.HikariDataSource - tg-nails-pool - Starting...
2025-10-30 10:25:46.927 [main] INFO  com.zaxxer.hikari.pool.HikariPool - tg-nails-pool - Added connection org.postgresql.jdbc.PgConnection@7afe0e67
2025-10-30 10:25:46.929 [main] INFO  com.zaxxer.hikari.HikariDataSource - tg-nails-pool - Start completed.
2025-10-30 10:25:47.037 [main] INFO  o.s.v.b.OptionalValidatorFactoryBean - Failed to set up a Bean Validation provider: jakarta.validation.NoProviderFoundException: Unable to create a Configuration, because no Jakarta Bean Validation provider could be found. Add a provider like Hibernate Validator (RI) to your classpath.
2025-10-30 10:25:47.403 [main] INFO  org.flywaydb.core.FlywayExecutor - Database: jdbc:postgresql://localhost:5432/tg_nails (PostgreSQL 17.5)
2025-10-30 10:25:47.414 [main] WARN  o.f.c.i.database.base.Database - Flyway upgrade recommended: PostgreSQL 17.5 is newer than this version of Flyway and support has not been tested. The latest supported version of PostgreSQL is 16.
2025-10-30 10:25:47.459 [main] INFO  o.f.core.internal.command.DbValidate - Successfully validated 3 migrations (execution time 00:00.032s)
2025-10-30 10:25:47.472 [main] INFO  o.f.core.internal.command.DbMigrate - Current version of schema "public": 3
2025-10-30 10:25:47.475 [main] INFO  o.f.core.internal.command.DbMigrate - Schema "public" is up to date. No migration necessary.
2025-10-30 10:25:47.558 [main] INFO  o.a.coyote.http11.Http11NioProtocol - Starting ProtocolHandler ["http-nio-8080"]
2025-10-30 10:25:47.583 [main] INFO  o.s.b.w.e.tomcat.TomcatWebServer - Tomcat started on port 8080 (http) with context path '/'
2025-10-30 10:25:47.598 [main] INFO  r.c.t.TgbotNailsApplicationKt - Started TgbotNailsApplicationKt in 3.787 seconds (process running for 4.444)
2025-10-30 10:31:15.762 [main] INFO  r.c.t.TgbotNailsApplicationKt - Starting TgbotNailsApplicationKt using Java 17.0.15 with PID 16684 (D:\Projects\Education\tgbot_nails\build\classes\kotlin\main started by DSFPW in D:\Projects\Education\tgbot_nails)
2025-10-30 10:31:15.764 [main] INFO  r.c.t.TgbotNailsApplicationKt - No active profile set, falling back to 1 default profile: "default"
2025-10-30 10:31:17.150 [main] INFO  o.s.b.w.e.tomcat.TomcatWebServer - Tomcat initialized with port 8080 (http)
2025-10-30 10:31:17.166 [main] INFO  o.a.coyote.http11.Http11NioProtocol - Initializing ProtocolHandler ["http-nio-8080"]
2025-10-30 10:31:17.168 [main] INFO  o.a.catalina.core.StandardService - Starting service [Tomcat]
2025-10-30 10:31:17.169 [main] INFO  o.a.catalina.core.StandardEngine - Starting Servlet engine: [Apache Tomcat/10.1.44]
2025-10-30 10:31:17.246 [main] INFO  o.a.c.c.C.[Tomcat].[localhost].[/] - Initializing Spring embedded WebApplicationContext
2025-10-30 10:31:17.248 [main] INFO  o.s.b.w.s.c.ServletWebServerApplicationContext - Root WebApplicationContext: initialization completed in 1421 ms
2025-10-30 10:31:18.334 [main] INFO  com.zaxxer.hikari.HikariDataSource - tg-nails-pool - Starting...
2025-10-30 10:31:18.529 [main] INFO  com.zaxxer.hikari.pool.HikariPool - tg-nails-pool - Added connection org.postgresql.jdbc.PgConnection@2c8ff67
2025-10-30 10:31:18.531 [main] INFO  com.zaxxer.hikari.HikariDataSource - tg-nails-pool - Start completed.
2025-10-30 10:31:18.659 [main] INFO  o.s.v.b.OptionalValidatorFactoryBean - Failed to set up a Bean Validation provider: jakarta.validation.NoProviderFoundException: Unable to create a Configuration, because no Jakarta Bean Validation provider could be found. Add a provider like Hibernate Validator (RI) to your classpath.
2025-10-30 10:31:19.041 [main] INFO  org.flywaydb.core.FlywayExecutor - Database: jdbc:postgresql://localhost:5432/tg_nails (PostgreSQL 17.5)
2025-10-30 10:31:19.052 [main] WARN  o.f.c.i.database.base.Database - Flyway upgrade recommended: PostgreSQL 17.5 is newer than this version of Flyway and support has not been tested. The latest supported version of PostgreSQL is 16.
2025-10-30 10:31:19.096 [main] INFO  o.f.core.internal.command.DbValidate - Successfully validated 3 migrations (execution time 00:00.032s)
2025-10-30 10:31:19.111 [main] INFO  o.f.core.internal.command.DbMigrate - Current version of schema "public": 3
2025-10-30 10:31:19.114 [main] INFO  o.f.core.internal.command.DbMigrate - Schema "public" is up to date. No migration necessary.
2025-10-30 10:31:19.203 [main] INFO  o.a.coyote.http11.Http11NioProtocol - Starting ProtocolHandler ["http-nio-8080"]
2025-10-30 10:31:19.224 [main] INFO  o.s.b.w.e.tomcat.TomcatWebServer - Tomcat started on port 8080 (http) with context path '/'
2025-10-30 10:31:19.242 [main] INFO  r.c.t.TgbotNailsApplicationKt - Started TgbotNailsApplicationKt in 3.928 seconds (process running for 4.58)
2025-10-30 10:33:01.314 [main] INFO  r.c.t.TgbotNailsApplicationKt - Starting TgbotNailsApplicationKt using Java 17.0.15 with PID 13772 (D:\Projects\Education\tgbot_nails\build\classes\kotlin\main started by DSFPW in D:\Projects\Education\tgbot_nails)
2025-10-30 10:33:01.317 [main] INFO  r.c.t.TgbotNailsApplicationKt - No active profile set, falling back to 1 default profile: "default"
2025-10-30 10:33:02.845 [main] INFO  o.s.b.w.e.tomcat.TomcatWebServer - Tomcat initialized with port 8080 (http)
2025-10-30 10:33:02.860 [main] INFO  o.a.coyote.http11.Http11NioProtocol - Initializing ProtocolHandler ["http-nio-8080"]
2025-10-30 10:33:02.863 [main] INFO  o.a.catalina.core.StandardService - Starting service [Tomcat]
2025-10-30 10:33:02.863 [main] INFO  o.a.catalina.core.StandardEngine - Starting Servlet engine: [Apache Tomcat/10.1.44]
2025-10-30 10:33:02.949 [main] INFO  o.a.c.c.C.[Tomcat].[localhost].[/] - Initializing Spring embedded WebApplicationContext
2025-10-30 10:33:02.951 [main] INFO  o.s.b.w.s.c.ServletWebServerApplicationContext - Root WebApplicationContext: initialization completed in 1566 ms
2025-10-30 10:33:04.006 [main] INFO  com.zaxxer.hikari.HikariDataSource - tg-nails-pool - Starting...
2025-10-30 10:33:04.323 [main] INFO  com.zaxxer.hikari.pool.HikariPool - tg-nails-pool - Added connection org.postgresql.jdbc.PgConnection@566fe83c
2025-10-30 10:33:04.325 [main] INFO  com.zaxxer.hikari.HikariDataSource - tg-nails-pool - Start completed.
2025-10-30 10:33:04.431 [main] INFO  o.s.v.b.OptionalValidatorFactoryBean - Failed to set up a Bean Validation provider: jakarta.validation.NoProviderFoundException: Unable to create a Configuration, because no Jakarta Bean Validation provider could be found. Add a provider like Hibernate Validator (RI) to your classpath.
2025-10-30 10:33:04.848 [main] INFO  org.flywaydb.core.FlywayExecutor - Database: jdbc:postgresql://localhost:5432/tg_nails (PostgreSQL 17.5)
2025-10-30 10:33:04.860 [main] WARN  o.f.c.i.database.base.Database - Flyway upgrade recommended: PostgreSQL 17.5 is newer than this version of Flyway and support has not been tested. The latest supported version of PostgreSQL is 16.
2025-10-30 10:33:04.912 [main] INFO  o.f.core.internal.command.DbValidate - Successfully validated 3 migrations (execution time 00:00.039s)
2025-10-30 10:33:04.926 [main] INFO  o.f.core.internal.command.DbMigrate - Current version of schema "public": 3
2025-10-30 10:33:04.929 [main] INFO  o.f.core.internal.command.DbMigrate - Schema "public" is up to date. No migration necessary.
2025-10-30 10:33:05.016 [main] INFO  o.a.coyote.http11.Http11NioProtocol - Starting ProtocolHandler ["http-nio-8080"]
2025-10-30 10:33:05.036 [main] INFO  o.s.b.w.e.tomcat.TomcatWebServer - Tomcat started on port 8080 (http) with context path '/'
2025-10-30 10:33:05.053 [main] INFO  r.c.t.TgbotNailsApplicationKt - Started TgbotNailsApplicationKt in 4.241 seconds (process running for 4.979)
2025-10-30 10:47:57.403 [main] INFO  r.c.t.TgbotNailsApplicationKt - Starting TgbotNailsApplicationKt using Java 17.0.15 with PID 1688 (D:\Projects\Education\tgbot_nails\build\classes\kotlin\main started by DSFPW in D:\Projects\Education\tgbot_nails)
2025-10-30 10:47:57.405 [main] INFO  r.c.t.TgbotNailsApplicationKt - No active profile set, falling back to 1 default profile: "default"
2025-10-30 10:47:59.163 [main] INFO  o.s.b.w.e.tomcat.TomcatWebServer - Tomcat initialized with port 8080 (http)
2025-10-30 10:47:59.178 [main] INFO  o.a.coyote.http11.Http11NioProtocol - Initializing ProtocolHandler ["http-nio-8080"]
2025-10-30 10:47:59.181 [main] INFO  o.a.catalina.core.StandardService - Starting service [Tomcat]
2025-10-30 10:47:59.181 [main] INFO  o.a.catalina.core.StandardEngine - Starting Servlet engine: [Apache Tomcat/10.1.44]
2025-10-30 10:47:59.267 [main] INFO  o.a.c.c.C.[Tomcat].[localhost].[/] - Initializing Spring embedded WebApplicationContext
2025-10-30 10:47:59.268 [main] INFO  o.s.b.w.s.c.ServletWebServerApplicationContext - Root WebApplicationContext: initialization completed in 1798 ms
2025-10-30 10:47:59.413 [main] INFO  com.zaxxer.hikari.HikariDataSource - tg-nails-pool - Starting...
2025-10-30 10:47:59.639 [main] INFO  com.zaxxer.hikari.pool.HikariPool - tg-nails-pool - Added connection org.postgresql.jdbc.PgConnection@16f0ec18
2025-10-30 10:47:59.641 [main] INFO  com.zaxxer.hikari.HikariDataSource - tg-nails-pool - Start completed.
2025-10-30 10:47:59.665 [main] INFO  r.c.t.c.ExposedConfig$$SpringCGLIB$$0 - Exposed connected to DataSource successfully
2025-10-30 10:48:00.605 [main] INFO  o.s.v.b.OptionalValidatorFactoryBean - Failed to set up a Bean Validation provider: jakarta.validation.NoProviderFoundException: Unable to create a Configuration, because no Jakarta Bean Validation provider could be found. Add a provider like Hibernate Validator (RI) to your classpath.
2025-10-30 10:48:01.098 [main] INFO  org.flywaydb.core.FlywayExecutor - Database: jdbc:postgresql://localhost:5432/tg_nails (PostgreSQL 17.5)
2025-10-30 10:48:01.110 [main] WARN  o.f.c.i.database.base.Database - Flyway upgrade recommended: PostgreSQL 17.5 is newer than this version of Flyway and support has not been tested. The latest supported version of PostgreSQL is 16.
2025-10-30 10:48:01.165 [main] INFO  o.f.core.internal.command.DbValidate - Successfully validated 3 migrations (execution time 00:00.039s)
2025-10-30 10:48:01.179 [main] INFO  o.f.core.internal.command.DbMigrate - Current version of schema "public": 3
2025-10-30 10:48:01.182 [main] INFO  o.f.core.internal.command.DbMigrate - Schema "public" is up to date. No migration necessary.
2025-10-30 10:48:01.281 [main] INFO  o.a.coyote.http11.Http11NioProtocol - Starting ProtocolHandler ["http-nio-8080"]
2025-10-30 10:48:01.304 [main] INFO  o.s.b.w.e.tomcat.TomcatWebServer - Tomcat started on port 8080 (http) with context path '/'
2025-10-30 10:48:01.320 [main] INFO  r.c.t.TgbotNailsApplicationKt - Started TgbotNailsApplicationKt in 4.389 seconds (process running for 5.247)
2025-10-30 11:00:03.046 [main] INFO  r.c.t.TgbotNailsApplicationKt - Starting TgbotNailsApplicationKt using Java 17.0.15 with PID 17952 (D:\Projects\Education\tgbot_nails\build\classes\kotlin\main started by DSFPW in D:\Projects\Education\tgbot_nails)
2025-10-30 11:00:03.049 [main] INFO  r.c.t.TgbotNailsApplicationKt - No active profile set, falling back to 1 default profile: "default"
2025-10-30 11:00:04.467 [main] INFO  o.s.b.w.e.tomcat.TomcatWebServer - Tomcat initialized with port 8080 (http)
2025-10-30 11:00:04.483 [main] INFO  o.a.coyote.http11.Http11NioProtocol - Initializing ProtocolHandler ["http-nio-8080"]
2025-10-30 11:00:04.486 [main] INFO  o.a.catalina.core.StandardService - Starting service [Tomcat]
2025-10-30 11:00:04.486 [main] INFO  o.a.catalina.core.StandardEngine - Starting Servlet engine: [Apache Tomcat/10.1.44]
2025-10-30 11:00:04.571 [main] INFO  o.a.c.c.C.[Tomcat].[localhost].[/] - Initializing Spring embedded WebApplicationContext
2025-10-30 11:00:04.573 [main] INFO  o.s.b.w.s.c.ServletWebServerApplicationContext - Root WebApplicationContext: initialization completed in 1460 ms
2025-10-30 11:00:04.713 [main] INFO  com.zaxxer.hikari.HikariDataSource - tg-nails-pool - Starting...
2025-10-30 11:00:05.035 [main] INFO  com.zaxxer.hikari.pool.HikariPool - tg-nails-pool - Added connection org.postgresql.jdbc.PgConnection@58833798
2025-10-30 11:00:05.037 [main] INFO  com.zaxxer.hikari.HikariDataSource - tg-nails-pool - Start completed.
2025-10-30 11:00:05.062 [main] INFO  r.c.t.c.ExposedConfig$$SpringCGLIB$$0 - Exposed connected to DataSource successfully
2025-10-30 11:00:05.938 [main] INFO  o.s.v.b.OptionalValidatorFactoryBean - Failed to set up a Bean Validation provider: jakarta.validation.NoProviderFoundException: Unable to create a Configuration, because no Jakarta Bean Validation provider could be found. Add a provider like Hibernate Validator (RI) to your classpath.
2025-10-30 11:00:06.319 [main] INFO  org.flywaydb.core.FlywayExecutor - Database: jdbc:postgresql://localhost:5432/tg_nails (PostgreSQL 17.5)
2025-10-30 11:00:06.331 [main] WARN  o.f.c.i.database.base.Database - Flyway upgrade recommended: PostgreSQL 17.5 is newer than this version of Flyway and support has not been tested. The latest supported version of PostgreSQL is 16.
2025-10-30 11:00:06.377 [main] INFO  o.f.core.internal.command.DbValidate - Successfully validated 3 migrations (execution time 00:00.033s)
2025-10-30 11:00:06.391 [main] INFO  o.f.core.internal.command.DbMigrate - Current version of schema "public": 3
2025-10-30 11:00:06.394 [main] INFO  o.f.core.internal.command.DbMigrate - Schema "public" is up to date. No migration necessary.
2025-10-30 11:00:06.492 [main] INFO  o.a.coyote.http11.Http11NioProtocol - Starting ProtocolHandler ["http-nio-8080"]
2025-10-30 11:00:06.514 [main] INFO  o.s.b.w.e.tomcat.TomcatWebServer - Tomcat started on port 8080 (http) with context path '/'
2025-10-30 11:00:06.530 [main] INFO  r.c.t.TgbotNailsApplicationKt - Started TgbotNailsApplicationKt in 3.934 seconds (process running for 4.618)
2025-10-30 11:02:54.690 [main] INFO  r.c.t.TgbotNailsApplicationKt - Starting TgbotNailsApplicationKt using Java 17.0.15 with PID 16720 (D:\Projects\Education\tgbot_nails\build\classes\kotlin\main started by DSFPW in D:\Projects\Education\tgbot_nails)
2025-10-30 11:02:54.693 [main] INFO  r.c.t.TgbotNailsApplicationKt - No active profile set, falling back to 1 default profile: "default"
2025-10-30 11:02:56.102 [main] INFO  o.s.b.w.e.tomcat.TomcatWebServer - Tomcat initialized with port 8080 (http)
2025-10-30 11:02:56.117 [main] INFO  o.a.coyote.http11.Http11NioProtocol - Initializing ProtocolHandler ["http-nio-8080"]
2025-10-30 11:02:56.119 [main] INFO  o.a.catalina.core.StandardService - Starting service [Tomcat]
2025-10-30 11:02:56.119 [main] INFO  o.a.catalina.core.StandardEngine - Starting Servlet engine: [Apache Tomcat/10.1.44]
2025-10-30 11:02:56.198 [main] INFO  o.a.c.c.C.[Tomcat].[localhost].[/] - Initializing Spring embedded WebApplicationContext
2025-10-30 11:02:56.199 [main] INFO  o.s.b.w.s.c.ServletWebServerApplicationContext - Root WebApplicationContext: initialization completed in 1442 ms
2025-10-30 11:02:56.344 [main] INFO  com.zaxxer.hikari.HikariDataSource - tg-nails-pool - Starting...
2025-10-30 11:02:56.563 [main] INFO  com.zaxxer.hikari.pool.HikariPool - tg-nails-pool - Added connection org.postgresql.jdbc.PgConnection@16f0ec18
2025-10-30 11:02:56.565 [main] INFO  com.zaxxer.hikari.HikariDataSource - tg-nails-pool - Start completed.
2025-10-30 11:02:56.590 [main] INFO  r.c.t.c.ExposedConfig$$SpringCGLIB$$0 - Exposed connected to DataSource successfully
2025-10-30 11:02:57.579 [main] INFO  o.s.v.b.OptionalValidatorFactoryBean - Failed to set up a Bean Validation provider: jakarta.validation.NoProviderFoundException: Unable to create a Configuration, because no Jakarta Bean Validation provider could be found. Add a provider like Hibernate Validator (RI) to your classpath.
2025-10-30 11:02:57.948 [main] INFO  org.flywaydb.core.FlywayExecutor - Database: jdbc:postgresql://localhost:5432/tg_nails (PostgreSQL 17.5)
2025-10-30 11:02:57.959 [main] WARN  o.f.c.i.database.base.Database - Flyway upgrade recommended: PostgreSQL 17.5 is newer than this version of Flyway and support has not been tested. The latest supported version of PostgreSQL is 16.
2025-10-30 11:02:58.002 [main] INFO  o.f.core.internal.command.DbValidate - Successfully validated 3 migrations (execution time 00:00.031s)
2025-10-30 11:02:58.015 [main] INFO  o.f.core.internal.command.DbMigrate - Current version of schema "public": 3
2025-10-30 11:02:58.018 [main] INFO  o.f.core.internal.command.DbMigrate - Schema "public" is up to date. No migration necessary.
2025-10-30 11:02:58.104 [main] INFO  o.a.coyote.http11.Http11NioProtocol - Starting ProtocolHandler ["http-nio-8080"]
2025-10-30 11:02:58.125 [main] INFO  o.s.b.w.e.tomcat.TomcatWebServer - Tomcat started on port 8080 (http) with context path '/'
2025-10-30 11:02:58.141 [main] INFO  r.c.t.TgbotNailsApplicationKt - Started TgbotNailsApplicationKt in 3.906 seconds (process running for 4.567)
2025-10-30 11:14:55.760 [main] INFO  r.c.t.TgbotNailsApplicationKt - Starting TgbotNailsApplicationKt using Java 17.0.15 with PID 8552 (D:\Projects\Education\tgbot_nails\build\classes\kotlin\main started by DSFPW in D:\Projects\Education\tgbot_nails)
2025-10-30 11:14:55.762 [main] INFO  r.c.t.TgbotNailsApplicationKt - No active profile set, falling back to 1 default profile: "default"
2025-10-30 11:14:57.202 [main] INFO  o.s.b.w.e.tomcat.TomcatWebServer - Tomcat initialized with port 8080 (http)
2025-10-30 11:14:57.216 [main] INFO  o.a.coyote.http11.Http11NioProtocol - Initializing ProtocolHandler ["http-nio-8080"]
2025-10-30 11:14:57.219 [main] INFO  o.a.catalina.core.StandardService - Starting service [Tomcat]
2025-10-30 11:14:57.219 [main] INFO  o.a.catalina.core.StandardEngine - Starting Servlet engine: [Apache Tomcat/10.1.44]
2025-10-30 11:14:57.303 [main] INFO  o.a.c.c.C.[Tomcat].[localhost].[/] - Initializing Spring embedded WebApplicationContext
2025-10-30 11:14:57.304 [main] INFO  o.s.b.w.s.c.ServletWebServerApplicationContext - Root WebApplicationContext: initialization completed in 1479 ms
2025-10-30 11:14:57.440 [main] INFO  com.zaxxer.hikari.HikariDataSource - tg-nails-pool - Starting...
2025-10-30 11:14:57.658 [main] INFO  com.zaxxer.hikari.pool.HikariPool - tg-nails-pool - Added connection org.postgresql.jdbc.PgConnection@3f8dfe74
2025-10-30 11:14:57.660 [main] INFO  com.zaxxer.hikari.HikariDataSource - tg-nails-pool - Start completed.
2025-10-30 11:14:57.684 [main] INFO  r.c.t.c.ExposedConfig$$SpringCGLIB$$0 - Exposed connected to DataSource successfully
2025-10-30 11:14:58.571 [main] INFO  o.s.v.b.OptionalValidatorFactoryBean - Failed to set up a Bean Validation provider: jakarta.validation.NoProviderFoundException: Unable to create a Configuration, because no Jakarta Bean Validation provider could be found. Add a provider like Hibernate Validator (RI) to your classpath.
2025-10-30 11:14:58.928 [main] INFO  org.flywaydb.core.FlywayExecutor - Database: jdbc:postgresql://localhost:5432/tg_nails (PostgreSQL 17.5)
2025-10-30 11:14:58.938 [main] WARN  o.f.c.i.database.base.Database - Flyway upgrade recommended: PostgreSQL 17.5 is newer than this version of Flyway and support has not been tested. The latest supported version of PostgreSQL is 16.
2025-10-30 11:14:58.980 [main] INFO  o.f.core.internal.command.DbValidate - Successfully validated 3 migrations (execution time 00:00.030s)
2025-10-30 11:14:58.992 [main] INFO  o.f.core.internal.command.DbMigrate - Current version of schema "public": 3
2025-10-30 11:14:58.994 [main] INFO  o.f.core.internal.command.DbMigrate - Schema "public" is up to date. No migration necessary.
2025-10-30 11:14:59.076 [main] INFO  o.a.coyote.http11.Http11NioProtocol - Starting ProtocolHandler ["http-nio-8080"]
2025-10-30 11:14:59.097 [main] INFO  o.s.b.w.e.tomcat.TomcatWebServer - Tomcat started on port 8080 (http) with context path '/'
2025-10-30 11:14:59.111 [main] INFO  r.c.t.TgbotNailsApplicationKt - Started TgbotNailsApplicationKt in 3.788 seconds (process running for 4.44)
2025-10-30 12:07:11.999 [main] INFO  r.c.t.TgbotNailsApplicationKt - Starting TgbotNailsApplicationKt using Java 17.0.15 with PID 15112 (D:\Projects\Education\tgbot_nails\build\classes\kotlin\main started by DSFPW in D:\Projects\Education\tgbot_nails)
2025-10-30 12:07:12.002 [main] INFO  r.c.t.TgbotNailsApplicationKt - No active profile set, falling back to 1 default profile: "default"
2025-10-30 12:07:13.410 [main] INFO  o.s.b.w.e.tomcat.TomcatWebServer - Tomcat initialized with port 8080 (http)
2025-10-30 12:07:13.425 [main] INFO  o.a.coyote.http11.Http11NioProtocol - Initializing ProtocolHandler ["http-nio-8080"]
2025-10-30 12:07:13.427 [main] INFO  o.a.catalina.core.StandardService - Starting service [Tomcat]
2025-10-30 12:07:13.428 [main] INFO  o.a.catalina.core.StandardEngine - Starting Servlet engine: [Apache Tomcat/10.1.44]
2025-10-30 12:07:13.512 [main] INFO  o.a.c.c.C.[Tomcat].[localhost].[/] - Initializing Spring embedded WebApplicationContext
2025-10-30 12:07:13.513 [main] INFO  o.s.b.w.s.c.ServletWebServerApplicationContext - Root WebApplicationContext: initialization completed in 1447 ms
2025-10-30 12:07:13.654 [main] INFO  com.zaxxer.hikari.HikariDataSource - tg-nails-pool - Starting...
2025-10-30 12:07:13.877 [main] INFO  com.zaxxer.hikari.pool.HikariPool - tg-nails-pool - Added connection org.postgresql.jdbc.PgConnection@623e0631
2025-10-30 12:07:13.879 [main] INFO  com.zaxxer.hikari.HikariDataSource - tg-nails-pool - Start completed.
2025-10-30 12:07:13.904 [main] INFO  r.c.t.c.ExposedConfig$$SpringCGLIB$$0 - Exposed connected to DataSource successfully
2025-10-30 12:07:14.819 [main] INFO  o.s.v.b.OptionalValidatorFactoryBean - Failed to set up a Bean Validation provider: jakarta.validation.NoProviderFoundException: Unable to create a Configuration, because no Jakarta Bean Validation provider could be found. Add a provider like Hibernate Validator (RI) to your classpath.
2025-10-30 12:07:15.199 [main] INFO  org.flywaydb.core.FlywayExecutor - Database: jdbc:postgresql://localhost:5432/tg_nails (PostgreSQL 17.5)
2025-10-30 12:07:15.210 [main] WARN  o.f.c.i.database.base.Database - Flyway upgrade recommended: PostgreSQL 17.5 is newer than this version of Flyway and support has not been tested. The latest supported version of PostgreSQL is 16.
2025-10-30 12:07:15.255 [main] INFO  o.f.core.internal.command.DbValidate - Successfully validated 3 migrations (execution time 00:00.032s)
2025-10-30 12:07:15.268 [main] INFO  o.f.core.internal.command.DbMigrate - Current version of schema "public": 3
2025-10-30 12:07:15.271 [main] INFO  o.f.core.internal.command.DbMigrate - Schema "public" is up to date. No migration necessary.
2025-10-30 12:07:15.359 [main] INFO  o.a.coyote.http11.Http11NioProtocol - Starting ProtocolHandler ["http-nio-8080"]
2025-10-30 12:07:15.379 [main] INFO  o.s.b.w.e.tomcat.TomcatWebServer - Tomcat started on port 8080 (http) with context path '/'
2025-10-30 12:07:15.395 [main] INFO  r.c.t.TgbotNailsApplicationKt - Started TgbotNailsApplicationKt in 3.834 seconds (process running for 4.488)
