2025-10-30 07:26:11.143 [SignForMasters_bot Telegram Executor] DEBUG r.c.t.r.AppointmentRepository - Checking active appointment for master m1 on 2025-10-30 at 10:00
2025-10-30 07:26:11.150 [SignForMasters_bot Telegram Executor] DEBUG r.c.t.r.AppointmentRepository - Active appointment exists: false
2025-10-30 07:26:11.151 [SignForMasters_bot Telegram Executor] DEBUG r.c.t.r.AppointmentRepository - Checking active appointment for master m1 on 2025-10-30 at 10:30
2025-10-30 07:26:11.152 [SignForMasters_bot Telegram Executor] DEBUG r.c.t.r.AppointmentRepository - Active appointment exists: false
2025-10-30 07:26:11.152 [SignForMasters_bot Telegram Executor] DEBUG r.c.t.r.AppointmentRepository - Checking active appointment for master m1 on 2025-10-30 at 11:00
2025-10-30 07:26:11.153 [SignForMasters_bot Telegram Executor] DEBUG r.c.t.r.AppointmentRepository - Active appointment exists: false
2025-10-30 07:26:11.154 [SignForMasters_bot Telegram Executor] DEBUG r.c.t.r.AppointmentRepository - Checking active appointment for master m1 on 2025-10-30 at 11:30
2025-10-30 07:26:11.154 [SignForMasters_bot Telegram Executor] DEBUG r.c.t.r.AppointmentRepository - Active appointment exists: false
2025-10-30 07:26:11.155 [SignForMasters_bot Telegram Executor] DEBUG r.c.t.r.AppointmentRepository - Checking active appointment for master m1 on 2025-10-30 at 12:00
2025-10-30 07:26:11.156 [SignForMasters_bot Telegram Executor] DEBUG r.c.t.r.AppointmentRepository - Active appointment exists: false
2025-10-30 07:26:11.156 [SignForMasters_bot Telegram Executor] DEBUG r.c.t.r.AppointmentRepository - Checking active appointment for master m1 on 2025-10-30 at 12:30
2025-10-30 07:26:11.157 [SignForMasters_bot Telegram Executor] DEBUG r.c.t.r.AppointmentRepository - Active appointment exists: false
2025-10-30 07:26:11.158 [SignForMasters_bot Telegram Executor] DEBUG r.c.t.r.AppointmentRepository - Checking active appointment for master m1 on 2025-10-30 at 13:00
2025-10-30 07:26:11.159 [SignForMasters_bot Telegram Executor] DEBUG r.c.t.r.AppointmentRepository - Active appointment exists: false
2025-10-30 07:26:11.159 [SignForMasters_bot Telegram Executor] DEBUG r.c.t.r.AppointmentRepository - Checking active appointment for master m1 on 2025-10-30 at 13:30
2025-10-30 07:26:11.160 [SignForMasters_bot Telegram Executor] DEBUG r.c.t.r.AppointmentRepository - Active appointment exists: false
2025-10-30 07:26:11.160 [SignForMasters_bot Telegram Executor] DEBUG r.c.t.r.AppointmentRepository - Checking active appointment for master m1 on 2025-10-30 at 14:00
2025-10-30 07:26:11.161 [SignForMasters_bot Telegram Executor] DEBUG r.c.t.r.AppointmentRepository - Active appointment exists: false
2025-10-30 07:26:11.161 [SignForMasters_bot Telegram Executor] DEBUG r.c.t.r.AppointmentRepository - Checking active appointment for master m1 on 2025-10-30 at 14:30
2025-10-30 07:26:11.162 [SignForMasters_bot Telegram Executor] DEBUG r.c.t.r.AppointmentRepository - Active appointment exists: false
2025-10-30 07:26:11.163 [SignForMasters_bot Telegram Executor] DEBUG r.c.t.r.AppointmentRepository - Checking active appointment for master m1 on 2025-10-30 at 15:00
2025-10-30 07:26:11.163 [SignForMasters_bot Telegram Executor] DEBUG r.c.t.r.AppointmentRepository - Active appointment exists: false
2025-10-30 07:26:11.164 [SignForMasters_bot Telegram Executor] DEBUG r.c.t.r.AppointmentRepository - Checking active appointment for master m1 on 2025-10-30 at 15:30
2025-10-30 07:26:11.165 [SignForMasters_bot Telegram Executor] DEBUG r.c.t.r.AppointmentRepository - Active appointment exists: false
2025-10-30 07:26:11.165 [SignForMasters_bot Telegram Executor] DEBUG r.c.t.r.AppointmentRepository - Checking active appointment for master m1 on 2025-10-30 at 16:00
2025-10-30 07:26:11.166 [SignForMasters_bot Telegram Executor] DEBUG r.c.t.r.AppointmentRepository - Active appointment exists: false
2025-10-30 07:26:11.166 [SignForMasters_bot Telegram Executor] DEBUG r.c.t.r.AppointmentRepository - Checking active appointment for master m1 on 2025-10-30 at 16:30
2025-10-30 07:26:11.166 [SignForMasters_bot Telegram Executor] DEBUG r.c.t.r.AppointmentRepository - Active appointment exists: false
2025-10-30 07:26:11.167 [SignForMasters_bot Telegram Executor] DEBUG r.c.t.r.AppointmentRepository - Checking active appointment for master m1 on 2025-10-30 at 17:00
2025-10-30 07:26:11.168 [SignForMasters_bot Telegram Executor] DEBUG r.c.t.r.AppointmentRepository - Active appointment exists: false
2025-10-30 07:26:11.168 [SignForMasters_bot Telegram Executor] DEBUG r.c.t.r.AppointmentRepository - Checking active appointment for master m1 on 2025-10-30 at 17:30
2025-10-30 07:26:11.169 [SignForMasters_bot Telegram Executor] DEBUG r.c.t.r.AppointmentRepository - Active appointment exists: false
2025-10-30 07:26:13.611 [SignForMasters_bot Telegram Executor] DEBUG r.c.t.r.AppointmentRepository - Checking active appointment for master m1 on 2025-10-30 at 10:00
2025-10-30 07:26:13.611 [SignForMasters_bot Telegram Executor] DEBUG r.c.t.r.AppointmentRepository - Active appointment exists: false
2025-10-30 07:50:42.175 [scheduling-1] DEBUG r.c.t.r.AppointmentRepository - Cancelling appointment: 1108777017_m1_2025-10-10_11:30
2025-10-30 07:50:42.184 [scheduling-1] DEBUG r.c.t.r.AppointmentRepository - Updated 1 rows for appointment 1108777017_m1_2025-10-10_11:30
2025-10-30 07:50:57.521 [SignForMasters_bot Telegram Executor] DEBUG r.c.t.r.AppointmentRepository - Cancelling appointment: 1108777017_m1_2025-10-30_10:00
2025-10-30 07:50:57.522 [SignForMasters_bot Telegram Executor] DEBUG r.c.t.r.AppointmentRepository - Updated 1 rows for appointment 1108777017_m1_2025-10-30_10:00
2025-10-30 10:07:56.473 [SignForMasters_bot Telegram Executor] DEBUG r.c.t.r.AppointmentRepository - Checking active appointment for master m1 on 2025-10-30 at 10:00
2025-10-30 10:07:56.476 [SignForMasters_bot Telegram Executor] DEBUG r.c.t.r.AppointmentRepository - Active appointment exists: false
2025-10-30 10:07:56.477 [SignForMasters_bot Telegram Executor] DEBUG r.c.t.r.AppointmentRepository - Checking active appointment for master m1 on 2025-10-30 at 10:30
2025-10-30 10:07:56.478 [SignForMasters_bot Telegram Executor] DEBUG r.c.t.r.AppointmentRepository - Active appointment exists: false
2025-10-30 10:07:56.479 [SignForMasters_bot Telegram Executor] DEBUG r.c.t.r.AppointmentRepository - Checking active appointment for master m1 on 2025-10-30 at 11:00
2025-10-30 10:07:56.480 [SignForMasters_bot Telegram Executor] DEBUG r.c.t.r.AppointmentRepository - Active appointment exists: false
2025-10-30 10:07:56.480 [SignForMasters_bot Telegram Executor] DEBUG r.c.t.r.AppointmentRepository - Checking active appointment for master m1 on 2025-10-30 at 11:30
2025-10-30 10:07:56.481 [SignForMasters_bot Telegram Executor] DEBUG r.c.t.r.AppointmentRepository - Active appointment exists: false
2025-10-30 10:07:56.481 [SignForMasters_bot Telegram Executor] DEBUG r.c.t.r.AppointmentRepository - Checking active appointment for master m1 on 2025-10-30 at 12:00
2025-10-30 10:07:56.482 [SignForMasters_bot Telegram Executor] DEBUG r.c.t.r.AppointmentRepository - Active appointment exists: false
2025-10-30 10:07:56.483 [SignForMasters_bot Telegram Executor] DEBUG r.c.t.r.AppointmentRepository - Checking active appointment for master m1 on 2025-10-30 at 12:30
2025-10-30 10:07:56.483 [SignForMasters_bot Telegram Executor] DEBUG r.c.t.r.AppointmentRepository - Active appointment exists: false
2025-10-30 10:07:56.484 [SignForMasters_bot Telegram Executor] DEBUG r.c.t.r.AppointmentRepository - Checking active appointment for master m1 on 2025-10-30 at 13:00
2025-10-30 10:07:56.485 [SignForMasters_bot Telegram Executor] DEBUG r.c.t.r.AppointmentRepository - Active appointment exists: false
2025-10-30 10:07:56.485 [SignForMasters_bot Telegram Executor] DEBUG r.c.t.r.AppointmentRepository - Checking active appointment for master m1 on 2025-10-30 at 13:30
2025-10-30 10:07:56.486 [SignForMasters_bot Telegram Executor] DEBUG r.c.t.r.AppointmentRepository - Active appointment exists: false
2025-10-30 10:07:56.486 [SignForMasters_bot Telegram Executor] DEBUG r.c.t.r.AppointmentRepository - Checking active appointment for master m1 on 2025-10-30 at 14:00
2025-10-30 10:07:56.487 [SignForMasters_bot Telegram Executor] DEBUG r.c.t.r.AppointmentRepository - Active appointment exists: false
2025-10-30 10:07:56.488 [SignForMasters_bot Telegram Executor] DEBUG r.c.t.r.AppointmentRepository - Checking active appointment for master m1 on 2025-10-30 at 14:30
2025-10-30 10:07:56.489 [SignForMasters_bot Telegram Executor] DEBUG r.c.t.r.AppointmentRepository - Active appointment exists: false
2025-10-30 10:07:56.489 [SignForMasters_bot Telegram Executor] DEBUG r.c.t.r.AppointmentRepository - Checking active appointment for master m1 on 2025-10-30 at 15:00
2025-10-30 10:07:56.490 [SignForMasters_bot Telegram Executor] DEBUG r.c.t.r.AppointmentRepository - Active appointment exists: false
2025-10-30 10:07:56.490 [SignForMasters_bot Telegram Executor] DEBUG r.c.t.r.AppointmentRepository - Checking active appointment for master m1 on 2025-10-30 at 15:30
2025-10-30 10:07:56.491 [SignForMasters_bot Telegram Executor] DEBUG r.c.t.r.AppointmentRepository - Active appointment exists: false
2025-10-30 10:07:56.491 [SignForMasters_bot Telegram Executor] DEBUG r.c.t.r.AppointmentRepository - Checking active appointment for master m1 on 2025-10-30 at 16:00
2025-10-30 10:07:56.492 [SignForMasters_bot Telegram Executor] DEBUG r.c.t.r.AppointmentRepository - Active appointment exists: false
2025-10-30 10:07:56.492 [SignForMasters_bot Telegram Executor] DEBUG r.c.t.r.AppointmentRepository - Checking active appointment for master m1 on 2025-10-30 at 16:30
2025-10-30 10:07:56.493 [SignForMasters_bot Telegram Executor] DEBUG r.c.t.r.AppointmentRepository - Active appointment exists: false
2025-10-30 10:07:56.493 [SignForMasters_bot Telegram Executor] DEBUG r.c.t.r.AppointmentRepository - Checking active appointment for master m1 on 2025-10-30 at 17:00
2025-10-30 10:07:56.494 [SignForMasters_bot Telegram Executor] DEBUG r.c.t.r.AppointmentRepository - Active appointment exists: false
2025-10-30 10:07:56.495 [SignForMasters_bot Telegram Executor] DEBUG r.c.t.r.AppointmentRepository - Checking active appointment for master m1 on 2025-10-30 at 17:30
2025-10-30 10:07:56.495 [SignForMasters_bot Telegram Executor] DEBUG r.c.t.r.AppointmentRepository - Active appointment exists: false
2025-10-30 10:07:58.395 [SignForMasters_bot Telegram Executor] DEBUG r.c.t.r.AppointmentRepository - Checking active appointment for master m1 on 2025-10-30 at 10:00
2025-10-30 10:07:58.396 [SignForMasters_bot Telegram Executor] DEBUG r.c.t.r.AppointmentRepository - Active appointment exists: false
2025-10-30 10:08:02.013 [SignForMasters_bot Telegram Executor] DEBUG r.c.t.r.AppointmentRepository - Checking active appointment for master m1 on 2025-10-30 at 10:00
2025-10-30 10:08:02.015 [SignForMasters_bot Telegram Executor] DEBUG r.c.t.r.AppointmentRepository - Active appointment exists: false
2025-10-30 10:08:02.015 [SignForMasters_bot Telegram Executor] DEBUG r.c.t.r.AppointmentRepository - Checking active appointment for master m1 on 2025-10-30 at 10:30
2025-10-30 10:08:02.015 [SignForMasters_bot Telegram Executor] DEBUG r.c.t.r.AppointmentRepository - Active appointment exists: false
2025-10-30 10:08:02.015 [SignForMasters_bot Telegram Executor] DEBUG r.c.t.r.AppointmentRepository - Checking active appointment for master m1 on 2025-10-30 at 11:00
2025-10-30 10:08:02.016 [SignForMasters_bot Telegram Executor] DEBUG r.c.t.r.AppointmentRepository - Active appointment exists: false
2025-10-30 10:08:02.016 [SignForMasters_bot Telegram Executor] DEBUG r.c.t.r.AppointmentRepository - Checking active appointment for master m1 on 2025-10-30 at 11:30
2025-10-30 10:08:02.017 [SignForMasters_bot Telegram Executor] DEBUG r.c.t.r.AppointmentRepository - Active appointment exists: false
2025-10-30 10:08:02.017 [SignForMasters_bot Telegram Executor] DEBUG r.c.t.r.AppointmentRepository - Checking active appointment for master m1 on 2025-10-30 at 12:00
2025-10-30 10:08:02.018 [SignForMasters_bot Telegram Executor] DEBUG r.c.t.r.AppointmentRepository - Active appointment exists: false
2025-10-30 10:08:02.019 [SignForMasters_bot Telegram Executor] DEBUG r.c.t.r.AppointmentRepository - Checking active appointment for master m1 on 2025-10-30 at 12:30
2025-10-30 10:08:02.019 [SignForMasters_bot Telegram Executor] DEBUG r.c.t.r.AppointmentRepository - Active appointment exists: false
2025-10-30 10:08:02.020 [SignForMasters_bot Telegram Executor] DEBUG r.c.t.r.AppointmentRepository - Checking active appointment for master m1 on 2025-10-30 at 13:00
2025-10-30 10:08:02.020 [SignForMasters_bot Telegram Executor] DEBUG r.c.t.r.AppointmentRepository - Active appointment exists: false
2025-10-30 10:08:02.021 [SignForMasters_bot Telegram Executor] DEBUG r.c.t.r.AppointmentRepository - Checking active appointment for master m1 on 2025-10-30 at 13:30
2025-10-30 10:08:02.021 [SignForMasters_bot Telegram Executor] DEBUG r.c.t.r.AppointmentRepository - Active appointment exists: false
2025-10-30 10:08:02.021 [SignForMasters_bot Telegram Executor] DEBUG r.c.t.r.AppointmentRepository - Checking active appointment for master m1 on 2025-10-30 at 14:00
2025-10-30 10:08:02.022 [SignForMasters_bot Telegram Executor] DEBUG r.c.t.r.AppointmentRepository - Active appointment exists: false
2025-10-30 10:08:02.022 [SignForMasters_bot Telegram Executor] DEBUG r.c.t.r.AppointmentRepository - Checking active appointment for master m1 on 2025-10-30 at 14:30
2025-10-30 10:08:02.023 [SignForMasters_bot Telegram Executor] DEBUG r.c.t.r.AppointmentRepository - Active appointment exists: false
2025-10-30 10:08:02.023 [SignForMasters_bot Telegram Executor] DEBUG r.c.t.r.AppointmentRepository - Checking active appointment for master m1 on 2025-10-30 at 15:00
2025-10-30 10:08:02.024 [SignForMasters_bot Telegram Executor] DEBUG r.c.t.r.AppointmentRepository - Active appointment exists: false
2025-10-30 10:08:02.024 [SignForMasters_bot Telegram Executor] DEBUG r.c.t.r.AppointmentRepository - Checking active appointment for master m1 on 2025-10-30 at 15:30
2025-10-30 10:08:02.026 [SignForMasters_bot Telegram Executor] DEBUG r.c.t.r.AppointmentRepository - Active appointment exists: false
2025-10-30 10:08:02.026 [SignForMasters_bot Telegram Executor] DEBUG r.c.t.r.AppointmentRepository - Checking active appointment for master m1 on 2025-10-30 at 16:00
2025-10-30 10:08:02.026 [SignForMasters_bot Telegram Executor] DEBUG r.c.t.r.AppointmentRepository - Active appointment exists: false
2025-10-30 10:08:02.026 [SignForMasters_bot Telegram Executor] DEBUG r.c.t.r.AppointmentRepository - Checking active appointment for master m1 on 2025-10-30 at 16:30
2025-10-30 10:08:02.027 [SignForMasters_bot Telegram Executor] DEBUG r.c.t.r.AppointmentRepository - Active appointment exists: false
2025-10-30 10:08:02.027 [SignForMasters_bot Telegram Executor] DEBUG r.c.t.r.AppointmentRepository - Checking active appointment for master m1 on 2025-10-30 at 17:00
2025-10-30 10:08:02.028 [SignForMasters_bot Telegram Executor] DEBUG r.c.t.r.AppointmentRepository - Active appointment exists: false
2025-10-30 10:08:02.028 [SignForMasters_bot Telegram Executor] DEBUG r.c.t.r.AppointmentRepository - Checking active appointment for master m1 on 2025-10-30 at 17:30
2025-10-30 10:08:02.028 [SignForMasters_bot Telegram Executor] DEBUG r.c.t.r.AppointmentRepository - Active appointment exists: false
2025-10-30 10:08:04.100 [SignForMasters_bot Telegram Executor] DEBUG r.c.t.r.AppointmentRepository - Checking active appointment for master m1 on 2025-10-30 at 10:30
2025-10-30 10:08:04.100 [SignForMasters_bot Telegram Executor] DEBUG r.c.t.r.AppointmentRepository - Active appointment exists: false
2025-10-30 10:08:14.905 [SignForMasters_bot Telegram Executor] DEBUG r.c.t.r.AppointmentRepository - Checking active appointment for master m1 on 2025-10-30 at 10:00
2025-10-30 10:08:14.905 [SignForMasters_bot Telegram Executor] DEBUG r.c.t.r.AppointmentRepository - Active appointment exists: false
2025-10-30 10:08:14.906 [SignForMasters_bot Telegram Executor] DEBUG r.c.t.r.AppointmentRepository - Checking active appointment for master m1 on 2025-10-30 at 10:30
2025-10-30 10:08:14.906 [SignForMasters_bot Telegram Executor] DEBUG r.c.t.r.AppointmentRepository - Active appointment exists: true
2025-10-30 10:08:14.906 [SignForMasters_bot Telegram Executor] DEBUG r.c.t.r.AppointmentRepository - Checking active appointment for master m1 on 2025-10-30 at 11:00
2025-10-30 10:08:14.907 [SignForMasters_bot Telegram Executor] DEBUG r.c.t.r.AppointmentRepository - Active appointment exists: false
2025-10-30 10:08:14.907 [SignForMasters_bot Telegram Executor] DEBUG r.c.t.r.AppointmentRepository - Checking active appointment for master m1 on 2025-10-30 at 11:30
2025-10-30 10:08:14.908 [SignForMasters_bot Telegram Executor] DEBUG r.c.t.r.AppointmentRepository - Active appointment exists: false
2025-10-30 10:08:14.908 [SignForMasters_bot Telegram Executor] DEBUG r.c.t.r.AppointmentRepository - Checking active appointment for master m1 on 2025-10-30 at 12:00
2025-10-30 10:08:14.908 [SignForMasters_bot Telegram Executor] DEBUG r.c.t.r.AppointmentRepository - Active appointment exists: false
2025-10-30 10:08:14.909 [SignForMasters_bot Telegram Executor] DEBUG r.c.t.r.AppointmentRepository - Checking active appointment for master m1 on 2025-10-30 at 12:30
2025-10-30 10:08:14.909 [SignForMasters_bot Telegram Executor] DEBUG r.c.t.r.AppointmentRepository - Active appointment exists: false
2025-10-30 10:08:14.910 [SignForMasters_bot Telegram Executor] DEBUG r.c.t.r.AppointmentRepository - Checking active appointment for master m1 on 2025-10-30 at 13:00
2025-10-30 10:08:14.910 [SignForMasters_bot Telegram Executor] DEBUG r.c.t.r.AppointmentRepository - Active appointment exists: false
2025-10-30 10:08:14.910 [SignForMasters_bot Telegram Executor] DEBUG r.c.t.r.AppointmentRepository - Checking active appointment for master m1 on 2025-10-30 at 13:30
2025-10-30 10:08:14.911 [SignForMasters_bot Telegram Executor] DEBUG r.c.t.r.AppointmentRepository - Active appointment exists: false
2025-10-30 10:08:14.911 [SignForMasters_bot Telegram Executor] DEBUG r.c.t.r.AppointmentRepository - Checking active appointment for master m1 on 2025-10-30 at 14:00
2025-10-30 10:08:14.912 [SignForMasters_bot Telegram Executor] DEBUG r.c.t.r.AppointmentRepository - Active appointment exists: false
2025-10-30 10:08:14.912 [SignForMasters_bot Telegram Executor] DEBUG r.c.t.r.AppointmentRepository - Checking active appointment for master m1 on 2025-10-30 at 14:30
2025-10-30 10:08:14.913 [SignForMasters_bot Telegram Executor] DEBUG r.c.t.r.AppointmentRepository - Active appointment exists: false
2025-10-30 10:08:14.913 [SignForMasters_bot Telegram Executor] DEBUG r.c.t.r.AppointmentRepository - Checking active appointment for master m1 on 2025-10-30 at 15:00
2025-10-30 10:08:14.914 [SignForMasters_bot Telegram Executor] DEBUG r.c.t.r.AppointmentRepository - Active appointment exists: false
2025-10-30 10:08:14.914 [SignForMasters_bot Telegram Executor] DEBUG r.c.t.r.AppointmentRepository - Checking active appointment for master m1 on 2025-10-30 at 15:30
2025-10-30 10:08:14.915 [SignForMasters_bot Telegram Executor] DEBUG r.c.t.r.AppointmentRepository - Active appointment exists: false
2025-10-30 10:08:14.915 [SignForMasters_bot Telegram Executor] DEBUG r.c.t.r.AppointmentRepository - Checking active appointment for master m1 on 2025-10-30 at 16:00
2025-10-30 10:08:14.915 [SignForMasters_bot Telegram Executor] DEBUG r.c.t.r.AppointmentRepository - Active appointment exists: false
2025-10-30 10:08:14.916 [SignForMasters_bot Telegram Executor] DEBUG r.c.t.r.AppointmentRepository - Checking active appointment for master m1 on 2025-10-30 at 16:30
2025-10-30 10:08:14.916 [SignForMasters_bot Telegram Executor] DEBUG r.c.t.r.AppointmentRepository - Active appointment exists: false
2025-10-30 10:08:14.916 [SignForMasters_bot Telegram Executor] DEBUG r.c.t.r.AppointmentRepository - Checking active appointment for master m1 on 2025-10-30 at 17:00
2025-10-30 10:08:14.917 [SignForMasters_bot Telegram Executor] DEBUG r.c.t.r.AppointmentRepository - Active appointment exists: false
2025-10-30 10:08:14.917 [SignForMasters_bot Telegram Executor] DEBUG r.c.t.r.AppointmentRepository - Checking active appointment for master m1 on 2025-10-30 at 17:30
2025-10-30 10:08:14.918 [SignForMasters_bot Telegram Executor] DEBUG r.c.t.r.AppointmentRepository - Active appointment exists: false
2025-10-30 10:08:17.841 [SignForMasters_bot Telegram Executor] DEBUG r.c.t.r.AppointmentRepository - Checking active appointment for master m1 on 2025-10-30 at 10:00
2025-10-30 10:08:17.841 [SignForMasters_bot Telegram Executor] DEBUG r.c.t.r.AppointmentRepository - Active appointment exists: false
2025-10-30 10:25:52.541 [SignForMasters_bot Telegram Executor] DEBUG r.c.t.r.AppointmentRepository - Checking active appointment for master m1 on 2025-10-30 at 10:00
2025-10-30 10:25:52.545 [SignForMasters_bot Telegram Executor] DEBUG r.c.t.r.AppointmentRepository - Active appointment exists: false
2025-10-30 10:25:52.546 [SignForMasters_bot Telegram Executor] DEBUG r.c.t.r.AppointmentRepository - Checking active appointment for master m1 on 2025-10-30 at 10:30
2025-10-30 10:25:52.547 [SignForMasters_bot Telegram Executor] DEBUG r.c.t.r.AppointmentRepository - Active appointment exists: true
2025-10-30 10:25:52.547 [SignForMasters_bot Telegram Executor] DEBUG r.c.t.r.AppointmentRepository - Checking active appointment for master m1 on 2025-10-30 at 11:00
2025-10-30 10:25:52.548 [SignForMasters_bot Telegram Executor] DEBUG r.c.t.r.AppointmentRepository - Active appointment exists: false
2025-10-30 10:25:52.549 [SignForMasters_bot Telegram Executor] DEBUG r.c.t.r.AppointmentRepository - Checking active appointment for master m1 on 2025-10-30 at 11:30
2025-10-30 10:25:52.550 [SignForMasters_bot Telegram Executor] DEBUG r.c.t.r.AppointmentRepository - Active appointment exists: false
2025-10-30 10:25:52.550 [SignForMasters_bot Telegram Executor] DEBUG r.c.t.r.AppointmentRepository - Checking active appointment for master m1 on 2025-10-30 at 12:00
2025-10-30 10:25:52.551 [SignForMasters_bot Telegram Executor] DEBUG r.c.t.r.AppointmentRepository - Active appointment exists: false
2025-10-30 10:25:52.552 [SignForMasters_bot Telegram Executor] DEBUG r.c.t.r.AppointmentRepository - Checking active appointment for master m1 on 2025-10-30 at 12:30
2025-10-30 10:25:52.552 [SignForMasters_bot Telegram Executor] DEBUG r.c.t.r.AppointmentRepository - Active appointment exists: false
2025-10-30 10:25:52.553 [SignForMasters_bot Telegram Executor] DEBUG r.c.t.r.AppointmentRepository - Checking active appointment for master m1 on 2025-10-30 at 13:00
2025-10-30 10:25:52.554 [SignForMasters_bot Telegram Executor] DEBUG r.c.t.r.AppointmentRepository - Active appointment exists: false
2025-10-30 10:25:52.554 [SignForMasters_bot Telegram Executor] DEBUG r.c.t.r.AppointmentRepository - Checking active appointment for master m1 on 2025-10-30 at 13:30
2025-10-30 10:25:52.555 [SignForMasters_bot Telegram Executor] DEBUG r.c.t.r.AppointmentRepository - Active appointment exists: false
2025-10-30 10:25:52.555 [SignForMasters_bot Telegram Executor] DEBUG r.c.t.r.AppointmentRepository - Checking active appointment for master m1 on 2025-10-30 at 14:00
2025-10-30 10:25:52.556 [SignForMasters_bot Telegram Executor] DEBUG r.c.t.r.AppointmentRepository - Active appointment exists: false
2025-10-30 10:25:52.556 [SignForMasters_bot Telegram Executor] DEBUG r.c.t.r.AppointmentRepository - Checking active appointment for master m1 on 2025-10-30 at 14:30
2025-10-30 10:25:52.557 [SignForMasters_bot Telegram Executor] DEBUG r.c.t.r.AppointmentRepository - Active appointment exists: false
2025-10-30 10:25:52.557 [SignForMasters_bot Telegram Executor] DEBUG r.c.t.r.AppointmentRepository - Checking active appointment for master m1 on 2025-10-30 at 15:00
2025-10-30 10:25:52.558 [SignForMasters_bot Telegram Executor] DEBUG r.c.t.r.AppointmentRepository - Active appointment exists: false
2025-10-30 10:25:52.558 [SignForMasters_bot Telegram Executor] DEBUG r.c.t.r.AppointmentRepository - Checking active appointment for master m1 on 2025-10-30 at 15:30
2025-10-30 10:25:52.559 [SignForMasters_bot Telegram Executor] DEBUG r.c.t.r.AppointmentRepository - Active appointment exists: false
2025-10-30 10:25:52.560 [SignForMasters_bot Telegram Executor] DEBUG r.c.t.r.AppointmentRepository - Checking active appointment for master m1 on 2025-10-30 at 16:00
2025-10-30 10:25:52.561 [SignForMasters_bot Telegram Executor] DEBUG r.c.t.r.AppointmentRepository - Active appointment exists: false
2025-10-30 10:25:52.561 [SignForMasters_bot Telegram Executor] DEBUG r.c.t.r.AppointmentRepository - Checking active appointment for master m1 on 2025-10-30 at 16:30
2025-10-30 10:25:52.562 [SignForMasters_bot Telegram Executor] DEBUG r.c.t.r.AppointmentRepository - Active appointment exists: false
2025-10-30 10:25:52.562 [SignForMasters_bot Telegram Executor] DEBUG r.c.t.r.AppointmentRepository - Checking active appointment for master m1 on 2025-10-30 at 17:00
2025-10-30 10:25:52.563 [SignForMasters_bot Telegram Executor] DEBUG r.c.t.r.AppointmentRepository - Active appointment exists: false
2025-10-30 10:25:52.564 [SignForMasters_bot Telegram Executor] DEBUG r.c.t.r.AppointmentRepository - Checking active appointment for master m1 on 2025-10-30 at 17:30
2025-10-30 10:25:52.564 [SignForMasters_bot Telegram Executor] DEBUG r.c.t.r.AppointmentRepository - Active appointment exists: false
2025-10-30 10:25:55.119 [SignForMasters_bot Telegram Executor] DEBUG r.c.t.r.AppointmentRepository - Checking active appointment for master m1 on 2025-10-30 at 10:00
2025-10-30 10:25:55.119 [SignForMasters_bot Telegram Executor] DEBUG r.c.t.r.AppointmentRepository - Active appointment exists: false
2025-10-30 10:25:58.058 [SignForMasters_bot Telegram Executor] DEBUG r.c.t.r.AppointmentRepository - Checking active appointment for master m1 on 2025-10-30 at 10:00
2025-10-30 10:25:58.058 [SignForMasters_bot Telegram Executor] DEBUG r.c.t.r.AppointmentRepository - Active appointment exists: false
2025-10-30 10:25:58.059 [SignForMasters_bot Telegram Executor] DEBUG r.c.t.r.AppointmentRepository - Checking active appointment for master m1 on 2025-10-30 at 10:30
2025-10-30 10:25:58.059 [SignForMasters_bot Telegram Executor] DEBUG r.c.t.r.AppointmentRepository - Active appointment exists: true
2025-10-30 10:25:58.060 [SignForMasters_bot Telegram Executor] DEBUG r.c.t.r.AppointmentRepository - Checking active appointment for master m1 on 2025-10-30 at 11:00
2025-10-30 10:25:58.060 [SignForMasters_bot Telegram Executor] DEBUG r.c.t.r.AppointmentRepository - Active appointment exists: false
2025-10-30 10:25:58.061 [SignForMasters_bot Telegram Executor] DEBUG r.c.t.r.AppointmentRepository - Checking active appointment for master m1 on 2025-10-30 at 11:30
2025-10-30 10:25:58.061 [SignForMasters_bot Telegram Executor] DEBUG r.c.t.r.AppointmentRepository - Active appointment exists: false
2025-10-30 10:25:58.062 [SignForMasters_bot Telegram Executor] DEBUG r.c.t.r.AppointmentRepository - Checking active appointment for master m1 on 2025-10-30 at 12:00
2025-10-30 10:25:58.062 [SignForMasters_bot Telegram Executor] DEBUG r.c.t.r.AppointmentRepository - Active appointment exists: false
2025-10-30 10:25:58.063 [SignForMasters_bot Telegram Executor] DEBUG r.c.t.r.AppointmentRepository - Checking active appointment for master m1 on 2025-10-30 at 12:30
2025-10-30 10:25:58.063 [SignForMasters_bot Telegram Executor] DEBUG r.c.t.r.AppointmentRepository - Active appointment exists: false
2025-10-30 10:25:58.064 [SignForMasters_bot Telegram Executor] DEBUG r.c.t.r.AppointmentRepository - Checking active appointment for master m1 on 2025-10-30 at 13:00
2025-10-30 10:25:58.064 [SignForMasters_bot Telegram Executor] DEBUG r.c.t.r.AppointmentRepository - Active appointment exists: false
2025-10-30 10:25:58.065 [SignForMasters_bot Telegram Executor] DEBUG r.c.t.r.AppointmentRepository - Checking active appointment for master m1 on 2025-10-30 at 13:30
2025-10-30 10:25:58.065 [SignForMasters_bot Telegram Executor] DEBUG r.c.t.r.AppointmentRepository - Active appointment exists: false
2025-10-30 10:25:58.066 [SignForMasters_bot Telegram Executor] DEBUG r.c.t.r.AppointmentRepository - Checking active appointment for master m1 on 2025-10-30 at 14:00
2025-10-30 10:25:58.066 [SignForMasters_bot Telegram Executor] DEBUG r.c.t.r.AppointmentRepository - Active appointment exists: false
2025-10-30 10:25:58.067 [SignForMasters_bot Telegram Executor] DEBUG r.c.t.r.AppointmentRepository - Checking active appointment for master m1 on 2025-10-30 at 14:30
2025-10-30 10:25:58.067 [SignForMasters_bot Telegram Executor] DEBUG r.c.t.r.AppointmentRepository - Active appointment exists: false
2025-10-30 10:25:58.067 [SignForMasters_bot Telegram Executor] DEBUG r.c.t.r.AppointmentRepository - Checking active appointment for master m1 on 2025-10-30 at 15:00
2025-10-30 10:25:58.068 [SignForMasters_bot Telegram Executor] DEBUG r.c.t.r.AppointmentRepository - Active appointment exists: false
2025-10-30 10:25:58.069 [SignForMasters_bot Telegram Executor] DEBUG r.c.t.r.AppointmentRepository - Checking active appointment for master m1 on 2025-10-30 at 15:30
2025-10-30 10:25:58.069 [SignForMasters_bot Telegram Executor] DEBUG r.c.t.r.AppointmentRepository - Active appointment exists: false
2025-10-30 10:25:58.070 [SignForMasters_bot Telegram Executor] DEBUG r.c.t.r.AppointmentRepository - Checking active appointment for master m1 on 2025-10-30 at 16:00
2025-10-30 10:25:58.071 [SignForMasters_bot Telegram Executor] DEBUG r.c.t.r.AppointmentRepository - Active appointment exists: false
2025-10-30 10:25:58.071 [SignForMasters_bot Telegram Executor] DEBUG r.c.t.r.AppointmentRepository - Checking active appointment for master m1 on 2025-10-30 at 16:30
2025-10-30 10:25:58.071 [SignForMasters_bot Telegram Executor] DEBUG r.c.t.r.AppointmentRepository - Active appointment exists: false
2025-10-30 10:25:58.072 [SignForMasters_bot Telegram Executor] DEBUG r.c.t.r.AppointmentRepository - Checking active appointment for master m1 on 2025-10-30 at 17:00
2025-10-30 10:25:58.072 [SignForMasters_bot Telegram Executor] DEBUG r.c.t.r.AppointmentRepository - Active appointment exists: false
2025-10-30 10:25:58.073 [SignForMasters_bot Telegram Executor] DEBUG r.c.t.r.AppointmentRepository - Checking active appointment for master m1 on 2025-10-30 at 17:30
2025-10-30 10:25:58.073 [SignForMasters_bot Telegram Executor] DEBUG r.c.t.r.AppointmentRepository - Active appointment exists: false
2025-10-30 10:25:59.732 [SignForMasters_bot Telegram Executor] DEBUG r.c.t.r.AppointmentRepository - Checking active appointment for master m1 on 2025-10-30 at 11:00
2025-10-30 10:25:59.733 [SignForMasters_bot Telegram Executor] DEBUG r.c.t.r.AppointmentRepository - Active appointment exists: false
2025-10-30 10:26:02.770 [SignForMasters_bot Telegram Executor] DEBUG r.c.t.r.AppointmentRepository - Checking active appointment for master m1 on 2025-10-30 at 10:00
2025-10-30 10:26:02.770 [SignForMasters_bot Telegram Executor] DEBUG r.c.t.r.AppointmentRepository - Active appointment exists: false
2025-10-30 10:26:02.771 [SignForMasters_bot Telegram Executor] DEBUG r.c.t.r.AppointmentRepository - Checking active appointment for master m1 on 2025-10-30 at 10:30
2025-10-30 10:26:02.771 [SignForMasters_bot Telegram Executor] DEBUG r.c.t.r.AppointmentRepository - Active appointment exists: true
2025-10-30 10:26:02.772 [SignForMasters_bot Telegram Executor] DEBUG r.c.t.r.AppointmentRepository - Checking active appointment for master m1 on 2025-10-30 at 11:00
2025-10-30 10:26:02.772 [SignForMasters_bot Telegram Executor] DEBUG r.c.t.r.AppointmentRepository - Active appointment exists: true
2025-10-30 10:26:02.773 [SignForMasters_bot Telegram Executor] DEBUG r.c.t.r.AppointmentRepository - Checking active appointment for master m1 on 2025-10-30 at 11:30
2025-10-30 10:26:02.773 [SignForMasters_bot Telegram Executor] DEBUG r.c.t.r.AppointmentRepository - Active appointment exists: false
2025-10-30 10:26:02.774 [SignForMasters_bot Telegram Executor] DEBUG r.c.t.r.AppointmentRepository - Checking active appointment for master m1 on 2025-10-30 at 12:00
2025-10-30 10:26:02.774 [SignForMasters_bot Telegram Executor] DEBUG r.c.t.r.AppointmentRepository - Active appointment exists: false
2025-10-30 10:26:02.774 [SignForMasters_bot Telegram Executor] DEBUG r.c.t.r.AppointmentRepository - Checking active appointment for master m1 on 2025-10-30 at 12:30
2025-10-30 10:26:02.775 [SignForMasters_bot Telegram Executor] DEBUG r.c.t.r.AppointmentRepository - Active appointment exists: false
2025-10-30 10:26:02.775 [SignForMasters_bot Telegram Executor] DEBUG r.c.t.r.AppointmentRepository - Checking active appointment for master m1 on 2025-10-30 at 13:00
2025-10-30 10:26:02.776 [SignForMasters_bot Telegram Executor] DEBUG r.c.t.r.AppointmentRepository - Active appointment exists: false
2025-10-30 10:26:02.776 [SignForMasters_bot Telegram Executor] DEBUG r.c.t.r.AppointmentRepository - Checking active appointment for master m1 on 2025-10-30 at 13:30
2025-10-30 10:26:02.776 [SignForMasters_bot Telegram Executor] DEBUG r.c.t.r.AppointmentRepository - Active appointment exists: false
2025-10-30 10:26:02.777 [SignForMasters_bot Telegram Executor] DEBUG r.c.t.r.AppointmentRepository - Checking active appointment for master m1 on 2025-10-30 at 14:00
2025-10-30 10:26:02.777 [SignForMasters_bot Telegram Executor] DEBUG r.c.t.r.AppointmentRepository - Active appointment exists: false
2025-10-30 10:26:02.778 [SignForMasters_bot Telegram Executor] DEBUG r.c.t.r.AppointmentRepository - Checking active appointment for master m1 on 2025-10-30 at 14:30
2025-10-30 10:26:02.778 [SignForMasters_bot Telegram Executor] DEBUG r.c.t.r.AppointmentRepository - Active appointment exists: false
2025-10-30 10:26:02.779 [SignForMasters_bot Telegram Executor] DEBUG r.c.t.r.AppointmentRepository - Checking active appointment for master m1 on 2025-10-30 at 15:00
2025-10-30 10:26:02.779 [SignForMasters_bot Telegram Executor] DEBUG r.c.t.r.AppointmentRepository - Active appointment exists: false
2025-10-30 10:26:02.780 [SignForMasters_bot Telegram Executor] DEBUG r.c.t.r.AppointmentRepository - Checking active appointment for master m1 on 2025-10-30 at 15:30
2025-10-30 10:26:02.780 [SignForMasters_bot Telegram Executor] DEBUG r.c.t.r.AppointmentRepository - Active appointment exists: false
2025-10-30 10:26:02.781 [SignForMasters_bot Telegram Executor] DEBUG r.c.t.r.AppointmentRepository - Checking active appointment for master m1 on 2025-10-30 at 16:00
2025-10-30 10:26:02.781 [SignForMasters_bot Telegram Executor] DEBUG r.c.t.r.AppointmentRepository - Active appointment exists: false
2025-10-30 10:26:02.782 [SignForMasters_bot Telegram Executor] DEBUG r.c.t.r.AppointmentRepository - Checking active appointment for master m1 on 2025-10-30 at 16:30
2025-10-30 10:26:02.782 [SignForMasters_bot Telegram Executor] DEBUG r.c.t.r.AppointmentRepository - Active appointment exists: false
2025-10-30 10:26:02.782 [SignForMasters_bot Telegram Executor] DEBUG r.c.t.r.AppointmentRepository - Checking active appointment for master m1 on 2025-10-30 at 17:00
2025-10-30 10:26:02.783 [SignForMasters_bot Telegram Executor] DEBUG r.c.t.r.AppointmentRepository - Active appointment exists: false
2025-10-30 10:26:02.783 [SignForMasters_bot Telegram Executor] DEBUG r.c.t.r.AppointmentRepository - Checking active appointment for master m1 on 2025-10-30 at 17:30
2025-10-30 10:26:02.784 [SignForMasters_bot Telegram Executor] DEBUG r.c.t.r.AppointmentRepository - Active appointment exists: false
2025-10-30 10:26:06.748 [SignForMasters_bot Telegram Executor] DEBUG r.c.t.r.AppointmentRepository - Checking active appointment for master m1 on 2025-10-30 at 10:00
2025-10-30 10:26:06.748 [SignForMasters_bot Telegram Executor] DEBUG r.c.t.r.AppointmentRepository - Active appointment exists: false
2025-10-30 10:31:02.607 [SignForMasters_bot Telegram Executor] DEBUG r.c.t.r.AppointmentRepository - Checking active appointment for master m1 on 2025-10-30 at 10:00
2025-10-30 10:31:02.608 [SignForMasters_bot Telegram Executor] DEBUG r.c.t.r.AppointmentRepository - Active appointment exists: false
2025-10-30 10:31:02.608 [SignForMasters_bot Telegram Executor] DEBUG r.c.t.r.AppointmentRepository - Checking active appointment for master m1 on 2025-10-30 at 10:30
2025-10-30 10:31:02.609 [SignForMasters_bot Telegram Executor] DEBUG r.c.t.r.AppointmentRepository - Active appointment exists: true
2025-10-30 10:31:02.609 [SignForMasters_bot Telegram Executor] DEBUG r.c.t.r.AppointmentRepository - Checking active appointment for master m1 on 2025-10-30 at 11:00
2025-10-30 10:31:02.610 [SignForMasters_bot Telegram Executor] DEBUG r.c.t.r.AppointmentRepository - Active appointment exists: true
2025-10-30 10:31:02.610 [SignForMasters_bot Telegram Executor] DEBUG r.c.t.r.AppointmentRepository - Checking active appointment for master m1 on 2025-10-30 at 11:30
2025-10-30 10:31:02.611 [SignForMasters_bot Telegram Executor] DEBUG r.c.t.r.AppointmentRepository - Active appointment exists: false
2025-10-30 10:31:02.611 [SignForMasters_bot Telegram Executor] DEBUG r.c.t.r.AppointmentRepository - Checking active appointment for master m1 on 2025-10-30 at 12:00
2025-10-30 10:31:02.612 [SignForMasters_bot Telegram Executor] DEBUG r.c.t.r.AppointmentRepository - Active appointment exists: false
2025-10-30 10:31:02.612 [SignForMasters_bot Telegram Executor] DEBUG r.c.t.r.AppointmentRepository - Checking active appointment for master m1 on 2025-10-30 at 12:30
2025-10-30 10:31:02.613 [SignForMasters_bot Telegram Executor] DEBUG r.c.t.r.AppointmentRepository - Active appointment exists: false
2025-10-30 10:31:02.613 [SignForMasters_bot Telegram Executor] DEBUG r.c.t.r.AppointmentRepository - Checking active appointment for master m1 on 2025-10-30 at 13:00
2025-10-30 10:31:02.613 [SignForMasters_bot Telegram Executor] DEBUG r.c.t.r.AppointmentRepository - Active appointment exists: false
2025-10-30 10:31:02.614 [SignForMasters_bot Telegram Executor] DEBUG r.c.t.r.AppointmentRepository - Checking active appointment for master m1 on 2025-10-30 at 13:30
2025-10-30 10:31:02.614 [SignForMasters_bot Telegram Executor] DEBUG r.c.t.r.AppointmentRepository - Active appointment exists: false
2025-10-30 10:31:02.614 [SignForMasters_bot Telegram Executor] DEBUG r.c.t.r.AppointmentRepository - Checking active appointment for master m1 on 2025-10-30 at 14:00
2025-10-30 10:31:02.615 [SignForMasters_bot Telegram Executor] DEBUG r.c.t.r.AppointmentRepository - Active appointment exists: false
2025-10-30 10:31:02.616 [SignForMasters_bot Telegram Executor] DEBUG r.c.t.r.AppointmentRepository - Checking active appointment for master m1 on 2025-10-30 at 14:30
2025-10-30 10:31:02.616 [SignForMasters_bot Telegram Executor] DEBUG r.c.t.r.AppointmentRepository - Active appointment exists: false
2025-10-30 10:31:02.616 [SignForMasters_bot Telegram Executor] DEBUG r.c.t.r.AppointmentRepository - Checking active appointment for master m1 on 2025-10-30 at 15:00
2025-10-30 10:31:02.617 [SignForMasters_bot Telegram Executor] DEBUG r.c.t.r.AppointmentRepository - Active appointment exists: false
2025-10-30 10:31:02.617 [SignForMasters_bot Telegram Executor] DEBUG r.c.t.r.AppointmentRepository - Checking active appointment for master m1 on 2025-10-30 at 15:30
2025-10-30 10:31:02.617 [SignForMasters_bot Telegram Executor] DEBUG r.c.t.r.AppointmentRepository - Active appointment exists: false
2025-10-30 10:31:02.618 [SignForMasters_bot Telegram Executor] DEBUG r.c.t.r.AppointmentRepository - Checking active appointment for master m1 on 2025-10-30 at 16:00
2025-10-30 10:31:02.618 [SignForMasters_bot Telegram Executor] DEBUG r.c.t.r.AppointmentRepository - Active appointment exists: false
2025-10-30 10:31:02.618 [SignForMasters_bot Telegram Executor] DEBUG r.c.t.r.AppointmentRepository - Checking active appointment for master m1 on 2025-10-30 at 16:30
2025-10-30 10:31:02.619 [SignForMasters_bot Telegram Executor] DEBUG r.c.t.r.AppointmentRepository - Active appointment exists: false
2025-10-30 10:31:02.619 [SignForMasters_bot Telegram Executor] DEBUG r.c.t.r.AppointmentRepository - Checking active appointment for master m1 on 2025-10-30 at 17:00
2025-10-30 10:31:02.620 [SignForMasters_bot Telegram Executor] DEBUG r.c.t.r.AppointmentRepository - Active appointment exists: false
2025-10-30 10:31:02.620 [SignForMasters_bot Telegram Executor] DEBUG r.c.t.r.AppointmentRepository - Checking active appointment for master m1 on 2025-10-30 at 17:30
2025-10-30 10:31:02.620 [SignForMasters_bot Telegram Executor] DEBUG r.c.t.r.AppointmentRepository - Active appointment exists: false
2025-10-30 10:31:19.258 [scheduling-1] DEBUG r.c.t.r.AppointmentRepository - Cancelling appointment: 1108777017_m1_2025-10-30_10:30
2025-10-30 10:31:19.270 [scheduling-1] DEBUG r.c.t.r.AppointmentRepository - Updated 1 rows for appointment 1108777017_m1_2025-10-30_10:30
2025-10-30 10:31:20.715 [SignForMasters_bot Telegram Executor] DEBUG r.c.t.r.AppointmentRepository - Checking active appointment for master m1 on 2025-10-30 at 10:00
2025-10-30 10:31:20.718 [SignForMasters_bot Telegram Executor] DEBUG r.c.t.r.AppointmentRepository - Active appointment exists: false
2025-10-30 10:31:20.719 [SignForMasters_bot Telegram Executor] DEBUG r.c.t.r.AppointmentRepository - Checking active appointment for master m1 on 2025-10-30 at 10:30
2025-10-30 10:31:20.720 [SignForMasters_bot Telegram Executor] DEBUG r.c.t.r.AppointmentRepository - Active appointment exists: false
2025-10-30 10:31:20.721 [SignForMasters_bot Telegram Executor] DEBUG r.c.t.r.AppointmentRepository - Checking active appointment for master m1 on 2025-10-30 at 11:00
2025-10-30 10:31:20.722 [SignForMasters_bot Telegram Executor] DEBUG r.c.t.r.AppointmentRepository - Active appointment exists: true
2025-10-30 10:31:20.722 [SignForMasters_bot Telegram Executor] DEBUG r.c.t.r.AppointmentRepository - Checking active appointment for master m1 on 2025-10-30 at 11:30
2025-10-30 10:31:20.723 [SignForMasters_bot Telegram Executor] DEBUG r.c.t.r.AppointmentRepository - Active appointment exists: false
2025-10-30 10:31:20.723 [SignForMasters_bot Telegram Executor] DEBUG r.c.t.r.AppointmentRepository - Checking active appointment for master m1 on 2025-10-30 at 12:00
2025-10-30 10:31:20.724 [SignForMasters_bot Telegram Executor] DEBUG r.c.t.r.AppointmentRepository - Active appointment exists: false
2025-10-30 10:31:20.725 [SignForMasters_bot Telegram Executor] DEBUG r.c.t.r.AppointmentRepository - Checking active appointment for master m1 on 2025-10-30 at 12:30
2025-10-30 10:31:20.726 [SignForMasters_bot Telegram Executor] DEBUG r.c.t.r.AppointmentRepository - Active appointment exists: false
2025-10-30 10:31:20.726 [SignForMasters_bot Telegram Executor] DEBUG r.c.t.r.AppointmentRepository - Checking active appointment for master m1 on 2025-10-30 at 13:00
2025-10-30 10:31:20.727 [SignForMasters_bot Telegram Executor] DEBUG r.c.t.r.AppointmentRepository - Active appointment exists: false
2025-10-30 10:31:20.727 [SignForMasters_bot Telegram Executor] DEBUG r.c.t.r.AppointmentRepository - Checking active appointment for master m1 on 2025-10-30 at 13:30
2025-10-30 10:31:20.728 [SignForMasters_bot Telegram Executor] DEBUG r.c.t.r.AppointmentRepository - Active appointment exists: false
2025-10-30 10:31:20.728 [SignForMasters_bot Telegram Executor] DEBUG r.c.t.r.AppointmentRepository - Checking active appointment for master m1 on 2025-10-30 at 14:00
2025-10-30 10:31:20.729 [SignForMasters_bot Telegram Executor] DEBUG r.c.t.r.AppointmentRepository - Active appointment exists: false
2025-10-30 10:31:20.730 [SignForMasters_bot Telegram Executor] DEBUG r.c.t.r.AppointmentRepository - Checking active appointment for master m1 on 2025-10-30 at 14:30
2025-10-30 10:31:20.731 [SignForMasters_bot Telegram Executor] DEBUG r.c.t.r.AppointmentRepository - Active appointment exists: false
2025-10-30 10:31:20.731 [SignForMasters_bot Telegram Executor] DEBUG r.c.t.r.AppointmentRepository - Checking active appointment for master m1 on 2025-10-30 at 15:00
2025-10-30 10:31:20.732 [SignForMasters_bot Telegram Executor] DEBUG r.c.t.r.AppointmentRepository - Active appointment exists: false
2025-10-30 10:31:20.732 [SignForMasters_bot Telegram Executor] DEBUG r.c.t.r.AppointmentRepository - Checking active appointment for master m1 on 2025-10-30 at 15:30
2025-10-30 10:31:20.733 [SignForMasters_bot Telegram Executor] DEBUG r.c.t.r.AppointmentRepository - Active appointment exists: false
2025-10-30 10:31:20.733 [SignForMasters_bot Telegram Executor] DEBUG r.c.t.r.AppointmentRepository - Checking active appointment for master m1 on 2025-10-30 at 16:00
2025-10-30 10:31:20.734 [SignForMasters_bot Telegram Executor] DEBUG r.c.t.r.AppointmentRepository - Active appointment exists: false
2025-10-30 10:31:20.735 [SignForMasters_bot Telegram Executor] DEBUG r.c.t.r.AppointmentRepository - Checking active appointment for master m1 on 2025-10-30 at 16:30
2025-10-30 10:31:20.735 [SignForMasters_bot Telegram Executor] DEBUG r.c.t.r.AppointmentRepository - Active appointment exists: false
2025-10-30 10:31:20.736 [SignForMasters_bot Telegram Executor] DEBUG r.c.t.r.AppointmentRepository - Checking active appointment for master m1 on 2025-10-30 at 17:00
2025-10-30 10:31:20.737 [SignForMasters_bot Telegram Executor] DEBUG r.c.t.r.AppointmentRepository - Active appointment exists: false
2025-10-30 10:31:20.738 [SignForMasters_bot Telegram Executor] DEBUG r.c.t.r.AppointmentRepository - Checking active appointment for master m1 on 2025-10-30 at 17:30
2025-10-30 10:31:20.739 [SignForMasters_bot Telegram Executor] DEBUG r.c.t.r.AppointmentRepository - Active appointment exists: false
2025-10-30 10:31:27.210 [SignForMasters_bot Telegram Executor] DEBUG r.c.t.r.AppointmentRepository - Checking active appointment for master m1 on 2025-10-30 at 17:30
2025-10-30 10:31:27.210 [SignForMasters_bot Telegram Executor] DEBUG r.c.t.r.AppointmentRepository - Active appointment exists: false
2025-10-30 10:55:45.041 [SignForMasters_bot Telegram Executor] DEBUG r.c.t.r.AppointmentRepository - Checking active appointment for master m1 on 2025-10-30 at 10:00
2025-10-30 10:55:45.044 [SignForMasters_bot Telegram Executor] DEBUG r.c.t.r.AppointmentRepository - Active appointment exists: false
2025-10-30 10:55:45.045 [SignForMasters_bot Telegram Executor] DEBUG r.c.t.r.AppointmentRepository - Checking active appointment for master m1 on 2025-10-30 at 10:30
2025-10-30 10:55:45.046 [SignForMasters_bot Telegram Executor] DEBUG r.c.t.r.AppointmentRepository - Active appointment exists: false
2025-10-30 10:55:45.046 [SignForMasters_bot Telegram Executor] DEBUG r.c.t.r.AppointmentRepository - Checking active appointment for master m1 on 2025-10-30 at 11:00
2025-10-30 10:55:45.047 [SignForMasters_bot Telegram Executor] DEBUG r.c.t.r.AppointmentRepository - Active appointment exists: true
2025-10-30 10:55:45.047 [SignForMasters_bot Telegram Executor] DEBUG r.c.t.r.AppointmentRepository - Checking active appointment for master m1 on 2025-10-30 at 11:30
2025-10-30 10:55:45.048 [SignForMasters_bot Telegram Executor] DEBUG r.c.t.r.AppointmentRepository - Active appointment exists: false
2025-10-30 10:55:45.050 [SignForMasters_bot Telegram Executor] DEBUG r.c.t.r.AppointmentRepository - Checking active appointment for master m1 on 2025-10-30 at 12:00
2025-10-30 10:55:45.050 [SignForMasters_bot Telegram Executor] DEBUG r.c.t.r.AppointmentRepository - Active appointment exists: false
2025-10-30 10:55:45.051 [SignForMasters_bot Telegram Executor] DEBUG r.c.t.r.AppointmentRepository - Checking active appointment for master m1 on 2025-10-30 at 12:30
2025-10-30 10:55:45.052 [SignForMasters_bot Telegram Executor] DEBUG r.c.t.r.AppointmentRepository - Active appointment exists: false
2025-10-30 10:55:45.052 [SignForMasters_bot Telegram Executor] DEBUG r.c.t.r.AppointmentRepository - Checking active appointment for master m1 on 2025-10-30 at 13:00
2025-10-30 10:55:45.053 [SignForMasters_bot Telegram Executor] DEBUG r.c.t.r.AppointmentRepository - Active appointment exists: false
2025-10-30 10:55:45.053 [SignForMasters_bot Telegram Executor] DEBUG r.c.t.r.AppointmentRepository - Checking active appointment for master m1 on 2025-10-30 at 13:30
2025-10-30 10:55:45.054 [SignForMasters_bot Telegram Executor] DEBUG r.c.t.r.AppointmentRepository - Active appointment exists: false
2025-10-30 10:55:45.054 [SignForMasters_bot Telegram Executor] DEBUG r.c.t.r.AppointmentRepository - Checking active appointment for master m1 on 2025-10-30 at 14:00
2025-10-30 10:55:45.055 [SignForMasters_bot Telegram Executor] DEBUG r.c.t.r.AppointmentRepository - Active appointment exists: false
2025-10-30 10:55:45.056 [SignForMasters_bot Telegram Executor] DEBUG r.c.t.r.AppointmentRepository - Checking active appointment for master m1 on 2025-10-30 at 14:30
2025-10-30 10:55:45.057 [SignForMasters_bot Telegram Executor] DEBUG r.c.t.r.AppointmentRepository - Active appointment exists: false
2025-10-30 10:55:45.057 [SignForMasters_bot Telegram Executor] DEBUG r.c.t.r.AppointmentRepository - Checking active appointment for master m1 on 2025-10-30 at 15:00
2025-10-30 10:55:45.058 [SignForMasters_bot Telegram Executor] DEBUG r.c.t.r.AppointmentRepository - Active appointment exists: false
2025-10-30 10:55:45.058 [SignForMasters_bot Telegram Executor] DEBUG r.c.t.r.AppointmentRepository - Checking active appointment for master m1 on 2025-10-30 at 15:30
2025-10-30 10:55:45.059 [SignForMasters_bot Telegram Executor] DEBUG r.c.t.r.AppointmentRepository - Active appointment exists: false
2025-10-30 10:55:45.059 [SignForMasters_bot Telegram Executor] DEBUG r.c.t.r.AppointmentRepository - Checking active appointment for master m1 on 2025-10-30 at 16:00
2025-10-30 10:55:45.060 [SignForMasters_bot Telegram Executor] DEBUG r.c.t.r.AppointmentRepository - Active appointment exists: false
2025-10-30 10:55:45.060 [SignForMasters_bot Telegram Executor] DEBUG r.c.t.r.AppointmentRepository - Checking active appointment for master m1 on 2025-10-30 at 16:30
2025-10-30 10:55:45.061 [SignForMasters_bot Telegram Executor] DEBUG r.c.t.r.AppointmentRepository - Active appointment exists: false
2025-10-30 10:55:45.061 [SignForMasters_bot Telegram Executor] DEBUG r.c.t.r.AppointmentRepository - Checking active appointment for master m1 on 2025-10-30 at 17:00
2025-10-30 10:55:45.062 [SignForMasters_bot Telegram Executor] DEBUG r.c.t.r.AppointmentRepository - Active appointment exists: false
2025-10-30 10:55:45.062 [SignForMasters_bot Telegram Executor] DEBUG r.c.t.r.AppointmentRepository - Checking active appointment for master m1 on 2025-10-30 at 17:30
2025-10-30 10:55:45.063 [SignForMasters_bot Telegram Executor] DEBUG r.c.t.r.AppointmentRepository - Active appointment exists: true
2025-10-30 10:55:47.065 [SignForMasters_bot Telegram Executor] DEBUG r.c.t.r.AppointmentRepository - Checking active appointment for master m1 on 2025-10-30 at 11:30
2025-10-30 10:55:47.066 [SignForMasters_bot Telegram Executor] DEBUG r.c.t.r.AppointmentRepository - Active appointment exists: false
2025-10-30 11:00:06.645 [scheduling-1] DEBUG r.c.t.r.AppointmentRepository - Cancelling appointment: 1108777017_m1_2025-10-30_11:00
2025-10-30 11:00:06.655 [scheduling-1] DEBUG r.c.t.r.AppointmentRepository - Updated 1 rows for appointment 1108777017_m1_2025-10-30_11:00
2025-10-30 11:03:07.305 [SignForMasters_bot Telegram Executor] DEBUG r.c.t.r.AppointmentRepository - Checking active appointment for master m1 on 2025-10-30 at 10:00
2025-10-30 11:03:07.309 [SignForMasters_bot Telegram Executor] DEBUG r.c.t.r.AppointmentRepository - Active appointment exists: false
2025-10-30 11:03:07.310 [SignForMasters_bot Telegram Executor] DEBUG r.c.t.r.AppointmentRepository - Checking active appointment for master m1 on 2025-10-30 at 10:30
2025-10-30 11:03:07.311 [SignForMasters_bot Telegram Executor] DEBUG r.c.t.r.AppointmentRepository - Active appointment exists: false
2025-10-30 11:03:07.311 [SignForMasters_bot Telegram Executor] DEBUG r.c.t.r.AppointmentRepository - Checking active appointment for master m1 on 2025-10-30 at 11:00
2025-10-30 11:03:07.312 [SignForMasters_bot Telegram Executor] DEBUG r.c.t.r.AppointmentRepository - Active appointment exists: false
2025-10-30 11:03:07.313 [SignForMasters_bot Telegram Executor] DEBUG r.c.t.r.AppointmentRepository - Checking active appointment for master m1 on 2025-10-30 at 11:30
2025-10-30 11:03:07.314 [SignForMasters_bot Telegram Executor] DEBUG r.c.t.r.AppointmentRepository - Active appointment exists: true
2025-10-30 11:03:07.314 [SignForMasters_bot Telegram Executor] DEBUG r.c.t.r.AppointmentRepository - Checking active appointment for master m1 on 2025-10-30 at 12:00
2025-10-30 11:03:07.315 [SignForMasters_bot Telegram Executor] DEBUG r.c.t.r.AppointmentRepository - Active appointment exists: false
2025-10-30 11:03:07.316 [SignForMasters_bot Telegram Executor] DEBUG r.c.t.r.AppointmentRepository - Checking active appointment for master m1 on 2025-10-30 at 12:30
2025-10-30 11:03:07.317 [SignForMasters_bot Telegram Executor] DEBUG r.c.t.r.AppointmentRepository - Active appointment exists: false
2025-10-30 11:03:07.318 [SignForMasters_bot Telegram Executor] DEBUG r.c.t.r.AppointmentRepository - Checking active appointment for master m1 on 2025-10-30 at 13:00
2025-10-30 11:03:07.318 [SignForMasters_bot Telegram Executor] DEBUG r.c.t.r.AppointmentRepository - Active appointment exists: false
2025-10-30 11:03:07.319 [SignForMasters_bot Telegram Executor] DEBUG r.c.t.r.AppointmentRepository - Checking active appointment for master m1 on 2025-10-30 at 13:30
2025-10-30 11:03:07.319 [SignForMasters_bot Telegram Executor] DEBUG r.c.t.r.AppointmentRepository - Active appointment exists: false
2025-10-30 11:03:07.320 [SignForMasters_bot Telegram Executor] DEBUG r.c.t.r.AppointmentRepository - Checking active appointment for master m1 on 2025-10-30 at 14:00
2025-10-30 11:03:07.320 [SignForMasters_bot Telegram Executor] DEBUG r.c.t.r.AppointmentRepository - Active appointment exists: false
2025-10-30 11:03:07.320 [SignForMasters_bot Telegram Executor] DEBUG r.c.t.r.AppointmentRepository - Checking active appointment for master m1 on 2025-10-30 at 14:30
2025-10-30 11:03:07.321 [SignForMasters_bot Telegram Executor] DEBUG r.c.t.r.AppointmentRepository - Active appointment exists: false
2025-10-30 11:03:07.322 [SignForMasters_bot Telegram Executor] DEBUG r.c.t.r.AppointmentRepository - Checking active appointment for master m1 on 2025-10-30 at 15:00
2025-10-30 11:03:07.322 [SignForMasters_bot Telegram Executor] DEBUG r.c.t.r.AppointmentRepository - Active appointment exists: false
2025-10-30 11:03:07.323 [SignForMasters_bot Telegram Executor] DEBUG r.c.t.r.AppointmentRepository - Checking active appointment for master m1 on 2025-10-30 at 15:30
2025-10-30 11:03:07.323 [SignForMasters_bot Telegram Executor] DEBUG r.c.t.r.AppointmentRepository - Active appointment exists: false
2025-10-30 11:03:07.324 [SignForMasters_bot Telegram Executor] DEBUG r.c.t.r.AppointmentRepository - Checking active appointment for master m1 on 2025-10-30 at 16:00
2025-10-30 11:03:07.325 [SignForMasters_bot Telegram Executor] DEBUG r.c.t.r.AppointmentRepository - Active appointment exists: false
2025-10-30 11:03:07.325 [SignForMasters_bot Telegram Executor] DEBUG r.c.t.r.AppointmentRepository - Checking active appointment for master m1 on 2025-10-30 at 16:30
2025-10-30 11:03:07.326 [SignForMasters_bot Telegram Executor] DEBUG r.c.t.r.AppointmentRepository - Active appointment exists: false
2025-10-30 11:03:07.326 [SignForMasters_bot Telegram Executor] DEBUG r.c.t.r.AppointmentRepository - Checking active appointment for master m1 on 2025-10-30 at 17:00
2025-10-30 11:03:07.327 [SignForMasters_bot Telegram Executor] DEBUG r.c.t.r.AppointmentRepository - Active appointment exists: false
2025-10-30 11:03:07.327 [SignForMasters_bot Telegram Executor] DEBUG r.c.t.r.AppointmentRepository - Checking active appointment for master m1 on 2025-10-30 at 17:30
2025-10-30 11:03:07.328 [SignForMasters_bot Telegram Executor] DEBUG r.c.t.r.AppointmentRepository - Active appointment exists: true
2025-10-30 11:03:09.686 [SignForMasters_bot Telegram Executor] DEBUG r.c.t.r.AppointmentRepository - Checking active appointment for master m1 on 2025-10-30 at 12:00
2025-10-30 11:03:09.687 [SignForMasters_bot Telegram Executor] DEBUG r.c.t.r.AppointmentRepository - Active appointment exists: false
2025-10-30 11:03:14.365 [SignForMasters_bot Telegram Executor] DEBUG r.c.t.r.AppointmentRepository - Checking active appointment for master m1 on 2025-10-30 at 10:00
2025-10-30 11:03:14.366 [SignForMasters_bot Telegram Executor] DEBUG r.c.t.r.AppointmentRepository - Active appointment exists: false
2025-10-30 11:03:14.367 [SignForMasters_bot Telegram Executor] DEBUG r.c.t.r.AppointmentRepository - Checking active appointment for master m1 on 2025-10-30 at 10:30
2025-10-30 11:03:14.367 [SignForMasters_bot Telegram Executor] DEBUG r.c.t.r.AppointmentRepository - Active appointment exists: false
2025-10-30 11:03:14.368 [SignForMasters_bot Telegram Executor] DEBUG r.c.t.r.AppointmentRepository - Checking active appointment for master m1 on 2025-10-30 at 11:00
2025-10-30 11:03:14.369 [SignForMasters_bot Telegram Executor] DEBUG r.c.t.r.AppointmentRepository - Active appointment exists: false
2025-10-30 11:03:14.369 [SignForMasters_bot Telegram Executor] DEBUG r.c.t.r.AppointmentRepository - Checking active appointment for master m1 on 2025-10-30 at 11:30
2025-10-30 11:03:14.370 [SignForMasters_bot Telegram Executor] DEBUG r.c.t.r.AppointmentRepository - Active appointment exists: true
2025-10-30 11:03:14.370 [SignForMasters_bot Telegram Executor] DEBUG r.c.t.r.AppointmentRepository - Checking active appointment for master m1 on 2025-10-30 at 12:00
2025-10-30 11:03:14.371 [SignForMasters_bot Telegram Executor] DEBUG r.c.t.r.AppointmentRepository - Active appointment exists: true
2025-10-30 11:03:14.371 [SignForMasters_bot Telegram Executor] DEBUG r.c.t.r.AppointmentRepository - Checking active appointment for master m1 on 2025-10-30 at 12:30
2025-10-30 11:03:14.372 [SignForMasters_bot Telegram Executor] DEBUG r.c.t.r.AppointmentRepository - Active appointment exists: false
2025-10-30 11:03:14.372 [SignForMasters_bot Telegram Executor] DEBUG r.c.t.r.AppointmentRepository - Checking active appointment for master m1 on 2025-10-30 at 13:00
2025-10-30 11:03:14.373 [SignForMasters_bot Telegram Executor] DEBUG r.c.t.r.AppointmentRepository - Active appointment exists: false
2025-10-30 11:03:14.373 [SignForMasters_bot Telegram Executor] DEBUG r.c.t.r.AppointmentRepository - Checking active appointment for master m1 on 2025-10-30 at 13:30
2025-10-30 11:03:14.374 [SignForMasters_bot Telegram Executor] DEBUG r.c.t.r.AppointmentRepository - Active appointment exists: false
2025-10-30 11:03:14.374 [SignForMasters_bot Telegram Executor] DEBUG r.c.t.r.AppointmentRepository - Checking active appointment for master m1 on 2025-10-30 at 14:00
2025-10-30 11:03:14.375 [SignForMasters_bot Telegram Executor] DEBUG r.c.t.r.AppointmentRepository - Active appointment exists: false
2025-10-30 11:03:14.375 [SignForMasters_bot Telegram Executor] DEBUG r.c.t.r.AppointmentRepository - Checking active appointment for master m1 on 2025-10-30 at 14:30
2025-10-30 11:03:14.376 [SignForMasters_bot Telegram Executor] DEBUG r.c.t.r.AppointmentRepository - Active appointment exists: false
2025-10-30 11:03:14.376 [SignForMasters_bot Telegram Executor] DEBUG r.c.t.r.AppointmentRepository - Checking active appointment for master m1 on 2025-10-30 at 15:00
2025-10-30 11:03:14.377 [SignForMasters_bot Telegram Executor] DEBUG r.c.t.r.AppointmentRepository - Active appointment exists: false
2025-10-30 11:03:14.377 [SignForMasters_bot Telegram Executor] DEBUG r.c.t.r.AppointmentRepository - Checking active appointment for master m1 on 2025-10-30 at 15:30
2025-10-30 11:03:14.377 [SignForMasters_bot Telegram Executor] DEBUG r.c.t.r.AppointmentRepository - Active appointment exists: false
2025-10-30 11:03:14.378 [SignForMasters_bot Telegram Executor] DEBUG r.c.t.r.AppointmentRepository - Checking active appointment for master m1 on 2025-10-30 at 16:00
2025-10-30 11:03:14.378 [SignForMasters_bot Telegram Executor] DEBUG r.c.t.r.AppointmentRepository - Active appointment exists: false
2025-10-30 11:03:14.379 [SignForMasters_bot Telegram Executor] DEBUG r.c.t.r.AppointmentRepository - Checking active appointment for master m1 on 2025-10-30 at 16:30
2025-10-30 11:03:14.379 [SignForMasters_bot Telegram Executor] DEBUG r.c.t.r.AppointmentRepository - Active appointment exists: false
2025-10-30 11:03:14.380 [SignForMasters_bot Telegram Executor] DEBUG r.c.t.r.AppointmentRepository - Checking active appointment for master m1 on 2025-10-30 at 17:00
2025-10-30 11:03:14.380 [SignForMasters_bot Telegram Executor] DEBUG r.c.t.r.AppointmentRepository - Active appointment exists: false
2025-10-30 11:03:14.380 [SignForMasters_bot Telegram Executor] DEBUG r.c.t.r.AppointmentRepository - Checking active appointment for master m1 on 2025-10-30 at 17:30
2025-10-30 11:03:14.381 [SignForMasters_bot Telegram Executor] DEBUG r.c.t.r.AppointmentRepository - Active appointment exists: true
2025-10-30 11:03:16.047 [SignForMasters_bot Telegram Executor] DEBUG r.c.t.r.AppointmentRepository - Checking active appointment for master m1 on 2025-10-30 at 12:30
2025-10-30 11:03:16.048 [SignForMasters_bot Telegram Executor] DEBUG r.c.t.r.AppointmentRepository - Active appointment exists: false
2025-10-30 11:03:18.345 [SignForMasters_bot Telegram Executor] DEBUG r.c.t.r.AppointmentRepository - Cancelling appointment: 1108777017_m1_2025-10-30_17:30
2025-10-30 11:03:18.349 [SignForMasters_bot Telegram Executor] DEBUG r.c.t.r.AppointmentRepository - Updated 1 rows for appointment 1108777017_m1_2025-10-30_17:30
2025-10-30 11:03:21.877 [SignForMasters_bot Telegram Executor] DEBUG r.c.t.r.AppointmentRepository - Cancelling appointment: 1108777017_m1_2025-10-30_12:00
2025-10-30 11:03:21.878 [SignForMasters_bot Telegram Executor] DEBUG r.c.t.r.AppointmentRepository - Updated 1 rows for appointment 1108777017_m1_2025-10-30_12:00
2025-10-30 11:03:23.563 [SignForMasters_bot Telegram Executor] DEBUG r.c.t.r.AppointmentRepository - Cancelling appointment: 1108777017_m1_2025-10-30_12:30
2025-10-30 11:03:23.564 [SignForMasters_bot Telegram Executor] DEBUG r.c.t.r.AppointmentRepository - Updated 1 rows for appointment 1108777017_m1_2025-10-30_12:30
2025-10-30 11:03:25.173 [SignForMasters_bot Telegram Executor] DEBUG r.c.t.r.AppointmentRepository - Cancelling appointment: 1108777017_m1_2025-10-30_11:30
2025-10-30 11:03:25.174 [SignForMasters_bot Telegram Executor] DEBUG r.c.t.r.AppointmentRepository - Updated 1 rows for appointment 1108777017_m1_2025-10-30_11:30
2025-10-30 11:15:04.364 [SignForMasters_bot Telegram Executor] DEBUG r.c.t.r.AppointmentRepository - Checking active appointment for master m1 on 2025-10-30 at 10:00
2025-10-30 11:15:04.367 [SignForMasters_bot Telegram Executor] DEBUG r.c.t.r.AppointmentRepository - Active appointment exists: false
2025-10-30 11:15:04.367 [SignForMasters_bot Telegram Executor] DEBUG r.c.t.r.AppointmentRepository - Checking active appointment for master m1 on 2025-10-30 at 10:30
2025-10-30 11:15:04.368 [SignForMasters_bot Telegram Executor] DEBUG r.c.t.r.AppointmentRepository - Active appointment exists: false
2025-10-30 11:15:04.369 [SignForMasters_bot Telegram Executor] DEBUG r.c.t.r.AppointmentRepository - Checking active appointment for master m1 on 2025-10-30 at 11:00
2025-10-30 11:15:04.370 [SignForMasters_bot Telegram Executor] DEBUG r.c.t.r.AppointmentRepository - Active appointment exists: false
2025-10-30 11:15:04.370 [SignForMasters_bot Telegram Executor] DEBUG r.c.t.r.AppointmentRepository - Checking active appointment for master m1 on 2025-10-30 at 11:30
2025-10-30 11:15:04.371 [SignForMasters_bot Telegram Executor] DEBUG r.c.t.r.AppointmentRepository - Active appointment exists: false
2025-10-30 11:15:04.372 [SignForMasters_bot Telegram Executor] DEBUG r.c.t.r.AppointmentRepository - Checking active appointment for master m1 on 2025-10-30 at 12:00
2025-10-30 11:15:04.373 [SignForMasters_bot Telegram Executor] DEBUG r.c.t.r.AppointmentRepository - Active appointment exists: false
2025-10-30 11:15:04.373 [SignForMasters_bot Telegram Executor] DEBUG r.c.t.r.AppointmentRepository - Checking active appointment for master m1 on 2025-10-30 at 12:30
2025-10-30 11:15:04.374 [SignForMasters_bot Telegram Executor] DEBUG r.c.t.r.AppointmentRepository - Active appointment exists: false
2025-10-30 11:15:04.375 [SignForMasters_bot Telegram Executor] DEBUG r.c.t.r.AppointmentRepository - Checking active appointment for master m1 on 2025-10-30 at 13:00
2025-10-30 11:15:04.375 [SignForMasters_bot Telegram Executor] DEBUG r.c.t.r.AppointmentRepository - Active appointment exists: false
2025-10-30 11:15:04.376 [SignForMasters_bot Telegram Executor] DEBUG r.c.t.r.AppointmentRepository - Checking active appointment for master m1 on 2025-10-30 at 13:30
2025-10-30 11:15:04.376 [SignForMasters_bot Telegram Executor] DEBUG r.c.t.r.AppointmentRepository - Active appointment exists: false
2025-10-30 11:15:04.377 [SignForMasters_bot Telegram Executor] DEBUG r.c.t.r.AppointmentRepository - Checking active appointment for master m1 on 2025-10-30 at 14:00
2025-10-30 11:15:04.378 [SignForMasters_bot Telegram Executor] DEBUG r.c.t.r.AppointmentRepository - Active appointment exists: false
2025-10-30 11:15:04.378 [SignForMasters_bot Telegram Executor] DEBUG r.c.t.r.AppointmentRepository - Checking active appointment for master m1 on 2025-10-30 at 14:30
2025-10-30 11:15:04.379 [SignForMasters_bot Telegram Executor] DEBUG r.c.t.r.AppointmentRepository - Active appointment exists: false
2025-10-30 11:15:04.379 [SignForMasters_bot Telegram Executor] DEBUG r.c.t.r.AppointmentRepository - Checking active appointment for master m1 on 2025-10-30 at 15:00
2025-10-30 11:15:04.380 [SignForMasters_bot Telegram Executor] DEBUG r.c.t.r.AppointmentRepository - Active appointment exists: false
2025-10-30 11:15:04.380 [SignForMasters_bot Telegram Executor] DEBUG r.c.t.r.AppointmentRepository - Checking active appointment for master m1 on 2025-10-30 at 15:30
2025-10-30 11:15:04.381 [SignForMasters_bot Telegram Executor] DEBUG r.c.t.r.AppointmentRepository - Active appointment exists: false
2025-10-30 11:15:04.381 [SignForMasters_bot Telegram Executor] DEBUG r.c.t.r.AppointmentRepository - Checking active appointment for master m1 on 2025-10-30 at 16:00
2025-10-30 11:15:04.382 [SignForMasters_bot Telegram Executor] DEBUG r.c.t.r.AppointmentRepository - Active appointment exists: false
2025-10-30 11:15:04.382 [SignForMasters_bot Telegram Executor] DEBUG r.c.t.r.AppointmentRepository - Checking active appointment for master m1 on 2025-10-30 at 16:30
2025-10-30 11:15:04.383 [SignForMasters_bot Telegram Executor] DEBUG r.c.t.r.AppointmentRepository - Active appointment exists: false
2025-10-30 11:15:04.383 [SignForMasters_bot Telegram Executor] DEBUG r.c.t.r.AppointmentRepository - Checking active appointment for master m1 on 2025-10-30 at 17:00
2025-10-30 11:15:04.384 [SignForMasters_bot Telegram Executor] DEBUG r.c.t.r.AppointmentRepository - Active appointment exists: false
2025-10-30 11:15:04.384 [SignForMasters_bot Telegram Executor] DEBUG r.c.t.r.AppointmentRepository - Checking active appointment for master m1 on 2025-10-30 at 17:30
2025-10-30 11:15:04.385 [SignForMasters_bot Telegram Executor] DEBUG r.c.t.r.AppointmentRepository - Active appointment exists: false
2025-10-30 11:15:06.086 [SignForMasters_bot Telegram Executor] DEBUG r.c.t.r.AppointmentRepository - Checking active appointment for master m1 on 2025-10-30 at 11:30
2025-10-30 11:15:06.087 [SignForMasters_bot Telegram Executor] DEBUG r.c.t.r.AppointmentRepository - Active appointment exists: false
2025-10-30 12:07:25.137 [SignForMasters_bot Telegram Executor] DEBUG r.c.t.r.AppointmentRepository - Checking active appointment for master m1 on 2025-10-30 at 10:00
2025-10-30 12:07:25.140 [SignForMasters_bot Telegram Executor] DEBUG r.c.t.r.AppointmentRepository - Active appointment exists: false
2025-10-30 12:07:25.141 [SignForMasters_bot Telegram Executor] DEBUG r.c.t.r.AppointmentRepository - Checking active appointment for master m1 on 2025-10-30 at 10:30
2025-10-30 12:07:25.142 [SignForMasters_bot Telegram Executor] DEBUG r.c.t.r.AppointmentRepository - Active appointment exists: false
2025-10-30 12:07:25.142 [SignForMasters_bot Telegram Executor] DEBUG r.c.t.r.AppointmentRepository - Checking active appointment for master m1 on 2025-10-30 at 11:00
2025-10-30 12:07:25.143 [SignForMasters_bot Telegram Executor] DEBUG r.c.t.r.AppointmentRepository - Active appointment exists: false
2025-10-30 12:07:25.143 [SignForMasters_bot Telegram Executor] DEBUG r.c.t.r.AppointmentRepository - Checking active appointment for master m1 on 2025-10-30 at 11:30
2025-10-30 12:07:25.144 [SignForMasters_bot Telegram Executor] DEBUG r.c.t.r.AppointmentRepository - Active appointment exists: false
2025-10-30 12:07:25.145 [SignForMasters_bot Telegram Executor] DEBUG r.c.t.r.AppointmentRepository - Checking active appointment for master m1 on 2025-10-30 at 12:00
2025-10-30 12:07:25.146 [SignForMasters_bot Telegram Executor] DEBUG r.c.t.r.AppointmentRepository - Active appointment exists: false
2025-10-30 12:07:25.146 [SignForMasters_bot Telegram Executor] DEBUG r.c.t.r.AppointmentRepository - Checking active appointment for master m1 on 2025-10-30 at 12:30
2025-10-30 12:07:25.147 [SignForMasters_bot Telegram Executor] DEBUG r.c.t.r.AppointmentRepository - Active appointment exists: false
2025-10-30 12:07:25.148 [SignForMasters_bot Telegram Executor] DEBUG r.c.t.r.AppointmentRepository - Checking active appointment for master m1 on 2025-10-30 at 13:00
2025-10-30 12:07:25.148 [SignForMasters_bot Telegram Executor] DEBUG r.c.t.r.AppointmentRepository - Active appointment exists: false
2025-10-30 12:07:25.149 [SignForMasters_bot Telegram Executor] DEBUG r.c.t.r.AppointmentRepository - Checking active appointment for master m1 on 2025-10-30 at 13:30
2025-10-30 12:07:25.149 [SignForMasters_bot Telegram Executor] DEBUG r.c.t.r.AppointmentRepository - Active appointment exists: false
2025-10-30 12:07:25.150 [SignForMasters_bot Telegram Executor] DEBUG r.c.t.r.AppointmentRepository - Checking active appointment for master m1 on 2025-10-30 at 14:00
2025-10-30 12:07:25.151 [SignForMasters_bot Telegram Executor] DEBUG r.c.t.r.AppointmentRepository - Active appointment exists: false
2025-10-30 12:07:25.151 [SignForMasters_bot Telegram Executor] DEBUG r.c.t.r.AppointmentRepository - Checking active appointment for master m1 on 2025-10-30 at 14:30
2025-10-30 12:07:25.152 [SignForMasters_bot Telegram Executor] DEBUG r.c.t.r.AppointmentRepository - Active appointment exists: false
2025-10-30 12:07:25.152 [SignForMasters_bot Telegram Executor] DEBUG r.c.t.r.AppointmentRepository - Checking active appointment for master m1 on 2025-10-30 at 15:00
2025-10-30 12:07:25.153 [SignForMasters_bot Telegram Executor] DEBUG r.c.t.r.AppointmentRepository - Active appointment exists: false
2025-10-30 12:07:25.153 [SignForMasters_bot Telegram Executor] DEBUG r.c.t.r.AppointmentRepository - Checking active appointment for master m1 on 2025-10-30 at 15:30
2025-10-30 12:07:25.154 [SignForMasters_bot Telegram Executor] DEBUG r.c.t.r.AppointmentRepository - Active appointment exists: false
2025-10-30 12:07:25.154 [SignForMasters_bot Telegram Executor] DEBUG r.c.t.r.AppointmentRepository - Checking active appointment for master m1 on 2025-10-30 at 16:00
2025-10-30 12:07:25.155 [SignForMasters_bot Telegram Executor] DEBUG r.c.t.r.AppointmentRepository - Active appointment exists: false
2025-10-30 12:07:25.155 [SignForMasters_bot Telegram Executor] DEBUG r.c.t.r.AppointmentRepository - Checking active appointment for master m1 on 2025-10-30 at 16:30
2025-10-30 12:07:25.156 [SignForMasters_bot Telegram Executor] DEBUG r.c.t.r.AppointmentRepository - Active appointment exists: false
2025-10-30 12:07:25.156 [SignForMasters_bot Telegram Executor] DEBUG r.c.t.r.AppointmentRepository - Checking active appointment for master m1 on 2025-10-30 at 17:00
2025-10-30 12:07:25.157 [SignForMasters_bot Telegram Executor] DEBUG r.c.t.r.AppointmentRepository - Active appointment exists: false
2025-10-30 12:07:25.157 [SignForMasters_bot Telegram Executor] DEBUG r.c.t.r.AppointmentRepository - Checking active appointment for master m1 on 2025-10-30 at 17:30
2025-10-30 12:07:25.158 [SignForMasters_bot Telegram Executor] DEBUG r.c.t.r.AppointmentRepository - Active appointment exists: false
2025-10-30 12:07:28.929 [SignForMasters_bot Telegram Executor] DEBUG r.c.t.r.AppointmentRepository - Checking active appointment for master m1 on 2025-10-30 at 12:30
2025-10-30 12:07:28.930 [SignForMasters_bot Telegram Executor] DEBUG r.c.t.r.AppointmentRepository - Active appointment exists: false
2025-10-30 12:07:28.933 [SignForMasters_bot Telegram Executor] DEBUG r.c.t.r.AppointmentRepository - Reactivating cancelled appointment if present: 1108777017_m1_2025-10-30_12:30
2025-10-30 12:07:28.935 [SignForMasters_bot Telegram Executor] DEBUG r.c.t.r.AppointmentRepository - Reactivated rows: 1 for appointment 1108777017_m1_2025-10-30_12:30
2025-10-30 12:07:37.001 [SignForMasters_bot Telegram Executor] DEBUG r.c.t.r.AppointmentRepository - Cancelling appointment: 1108777017_m1_2025-10-30_12:30
2025-10-30 12:07:37.002 [SignForMasters_bot Telegram Executor] DEBUG r.c.t.r.AppointmentRepository - Updated 1 rows for appointment 1108777017_m1_2025-10-30_12:30
2025-10-30 12:07:40.660 [SignForMasters_bot Telegram Executor] DEBUG r.c.t.r.AppointmentRepository - Checking active appointment for master m1 on 2025-10-30 at 10:00
2025-10-30 12:07:40.661 [SignForMasters_bot Telegram Executor] DEBUG r.c.t.r.AppointmentRepository - Active appointment exists: false
2025-10-30 12:07:40.661 [SignForMasters_bot Telegram Executor] DEBUG r.c.t.r.AppointmentRepository - Checking active appointment for master m1 on 2025-10-30 at 10:30
2025-10-30 12:07:40.662 [SignForMasters_bot Telegram Executor] DEBUG r.c.t.r.AppointmentRepository - Active appointment exists: false
2025-10-30 12:07:40.662 [SignForMasters_bot Telegram Executor] DEBUG r.c.t.r.AppointmentRepository - Checking active appointment for master m1 on 2025-10-30 at 11:00
2025-10-30 12:07:40.662 [SignForMasters_bot Telegram Executor] DEBUG r.c.t.r.AppointmentRepository - Active appointment exists: false
2025-10-30 12:07:40.663 [SignForMasters_bot Telegram Executor] DEBUG r.c.t.r.AppointmentRepository - Checking active appointment for master m1 on 2025-10-30 at 11:30
2025-10-30 12:07:40.663 [SignForMasters_bot Telegram Executor] DEBUG r.c.t.r.AppointmentRepository - Active appointment exists: false
2025-10-30 12:07:40.664 [SignForMasters_bot Telegram Executor] DEBUG r.c.t.r.AppointmentRepository - Checking active appointment for master m1 on 2025-10-30 at 12:00
2025-10-30 12:07:40.664 [SignForMasters_bot Telegram Executor] DEBUG r.c.t.r.AppointmentRepository - Active appointment exists: false
2025-10-30 12:07:40.665 [SignForMasters_bot Telegram Executor] DEBUG r.c.t.r.AppointmentRepository - Checking active appointment for master m1 on 2025-10-30 at 12:30
2025-10-30 12:07:40.665 [SignForMasters_bot Telegram Executor] DEBUG r.c.t.r.AppointmentRepository - Active appointment exists: false
2025-10-30 12:07:40.665 [SignForMasters_bot Telegram Executor] DEBUG r.c.t.r.AppointmentRepository - Checking active appointment for master m1 on 2025-10-30 at 13:00
2025-10-30 12:07:40.666 [SignForMasters_bot Telegram Executor] DEBUG r.c.t.r.AppointmentRepository - Active appointment exists: false
2025-10-30 12:07:40.666 [SignForMasters_bot Telegram Executor] DEBUG r.c.t.r.AppointmentRepository - Checking active appointment for master m1 on 2025-10-30 at 13:30
2025-10-30 12:07:40.667 [SignForMasters_bot Telegram Executor] DEBUG r.c.t.r.AppointmentRepository - Active appointment exists: false
2025-10-30 12:07:40.667 [SignForMasters_bot Telegram Executor] DEBUG r.c.t.r.AppointmentRepository - Checking active appointment for master m1 on 2025-10-30 at 14:00
2025-10-30 12:07:40.668 [SignForMasters_bot Telegram Executor] DEBUG r.c.t.r.AppointmentRepository - Active appointment exists: false
2025-10-30 12:07:40.668 [SignForMasters_bot Telegram Executor] DEBUG r.c.t.r.AppointmentRepository - Checking active appointment for master m1 on 2025-10-30 at 14:30
2025-10-30 12:07:40.669 [SignForMasters_bot Telegram Executor] DEBUG r.c.t.r.AppointmentRepository - Active appointment exists: false
2025-10-30 12:07:40.669 [SignForMasters_bot Telegram Executor] DEBUG r.c.t.r.AppointmentRepository - Checking active appointment for master m1 on 2025-10-30 at 15:00
2025-10-30 12:07:40.669 [SignForMasters_bot Telegram Executor] DEBUG r.c.t.r.AppointmentRepository - Active appointment exists: false
2025-10-30 12:07:40.670 [SignForMasters_bot Telegram Executor] DEBUG r.c.t.r.AppointmentRepository - Checking active appointment for master m1 on 2025-10-30 at 15:30
2025-10-30 12:07:40.670 [SignForMasters_bot Telegram Executor] DEBUG r.c.t.r.AppointmentRepository - Active appointment exists: false
2025-10-30 12:07:40.671 [SignForMasters_bot Telegram Executor] DEBUG r.c.t.r.AppointmentRepository - Checking active appointment for master m1 on 2025-10-30 at 16:00
2025-10-30 12:07:40.671 [SignForMasters_bot Telegram Executor] DEBUG r.c.t.r.AppointmentRepository - Active appointment exists: false
2025-10-30 12:07:40.671 [SignForMasters_bot Telegram Executor] DEBUG r.c.t.r.AppointmentRepository - Checking active appointment for master m1 on 2025-10-30 at 16:30
2025-10-30 12:07:40.672 [SignForMasters_bot Telegram Executor] DEBUG r.c.t.r.AppointmentRepository - Active appointment exists: false
2025-10-30 12:07:40.672 [SignForMasters_bot Telegram Executor] DEBUG r.c.t.r.AppointmentRepository - Checking active appointment for master m1 on 2025-10-30 at 17:00
2025-10-30 12:07:40.673 [SignForMasters_bot Telegram Executor] DEBUG r.c.t.r.AppointmentRepository - Active appointment exists: false
2025-10-30 12:07:40.673 [SignForMasters_bot Telegram Executor] DEBUG r.c.t.r.AppointmentRepository - Checking active appointment for master m1 on 2025-10-30 at 17:30
2025-10-30 12:07:40.674 [SignForMasters_bot Telegram Executor] DEBUG r.c.t.r.AppointmentRepository - Active appointment exists: false
2025-10-30 12:07:42.915 [SignForMasters_bot Telegram Executor] DEBUG r.c.t.r.AppointmentRepository - Checking active appointment for master m1 on 2025-10-30 at 12:30
2025-10-30 12:07:42.916 [SignForMasters_bot Telegram Executor] DEBUG r.c.t.r.AppointmentRepository - Active appointment exists: false
2025-10-30 12:07:42.916 [SignForMasters_bot Telegram Executor] DEBUG r.c.t.r.AppointmentRepository - Reactivating cancelled appointment if present: 1108777017_m1_2025-10-30_12:30
2025-10-30 12:07:42.917 [SignForMasters_bot Telegram Executor] DEBUG r.c.t.r.AppointmentRepository - Reactivated rows: 1 for appointment 1108777017_m1_2025-10-30_12:30
2025-10-30 12:07:47.929 [SignForMasters_bot Telegram Executor] DEBUG r.c.t.r.AppointmentRepository - Checking active appointment for master m1 on 2025-10-30 at 10:00
2025-10-30 12:07:47.930 [SignForMasters_bot Telegram Executor] DEBUG r.c.t.r.AppointmentRepository - Active appointment exists: false
2025-10-30 12:07:47.930 [SignForMasters_bot Telegram Executor] DEBUG r.c.t.r.AppointmentRepository - Checking active appointment for master m1 on 2025-10-30 at 10:30
2025-10-30 12:07:47.930 [SignForMasters_bot Telegram Executor] DEBUG r.c.t.r.AppointmentRepository - Active appointment exists: false
2025-10-30 12:07:47.931 [SignForMasters_bot Telegram Executor] DEBUG r.c.t.r.AppointmentRepository - Checking active appointment for master m1 on 2025-10-30 at 11:00
2025-10-30 12:07:47.931 [SignForMasters_bot Telegram Executor] DEBUG r.c.t.r.AppointmentRepository - Active appointment exists: false
2025-10-30 12:07:47.932 [SignForMasters_bot Telegram Executor] DEBUG r.c.t.r.AppointmentRepository - Checking active appointment for master m1 on 2025-10-30 at 11:30
2025-10-30 12:07:47.932 [SignForMasters_bot Telegram Executor] DEBUG r.c.t.r.AppointmentRepository - Active appointment exists: false
2025-10-30 12:07:47.932 [SignForMasters_bot Telegram Executor] DEBUG r.c.t.r.AppointmentRepository - Checking active appointment for master m1 on 2025-10-30 at 12:00
2025-10-30 12:07:47.933 [SignForMasters_bot Telegram Executor] DEBUG r.c.t.r.AppointmentRepository - Active appointment exists: false
2025-10-30 12:07:47.933 [SignForMasters_bot Telegram Executor] DEBUG r.c.t.r.AppointmentRepository - Checking active appointment for master m1 on 2025-10-30 at 12:30
2025-10-30 12:07:47.934 [SignForMasters_bot Telegram Executor] DEBUG r.c.t.r.AppointmentRepository - Active appointment exists: true
2025-10-30 12:07:47.934 [SignForMasters_bot Telegram Executor] DEBUG r.c.t.r.AppointmentRepository - Checking active appointment for master m1 on 2025-10-30 at 13:00
2025-10-30 12:07:47.934 [SignForMasters_bot Telegram Executor] DEBUG r.c.t.r.AppointmentRepository - Active appointment exists: false
2025-10-30 12:07:47.935 [SignForMasters_bot Telegram Executor] DEBUG r.c.t.r.AppointmentRepository - Checking active appointment for master m1 on 2025-10-30 at 13:30
2025-10-30 12:07:47.935 [SignForMasters_bot Telegram Executor] DEBUG r.c.t.r.AppointmentRepository - Active appointment exists: false
2025-10-30 12:07:47.936 [SignForMasters_bot Telegram Executor] DEBUG r.c.t.r.AppointmentRepository - Checking active appointment for master m1 on 2025-10-30 at 14:00
2025-10-30 12:07:47.936 [SignForMasters_bot Telegram Executor] DEBUG r.c.t.r.AppointmentRepository - Active appointment exists: false
2025-10-30 12:07:47.936 [SignForMasters_bot Telegram Executor] DEBUG r.c.t.r.AppointmentRepository - Checking active appointment for master m1 on 2025-10-30 at 14:30
2025-10-30 12:07:47.937 [SignForMasters_bot Telegram Executor] DEBUG r.c.t.r.AppointmentRepository - Active appointment exists: false
2025-10-30 12:07:47.937 [SignForMasters_bot Telegram Executor] DEBUG r.c.t.r.AppointmentRepository - Checking active appointment for master m1 on 2025-10-30 at 15:00
2025-10-30 12:07:47.938 [SignForMasters_bot Telegram Executor] DEBUG r.c.t.r.AppointmentRepository - Active appointment exists: false
2025-10-30 12:07:47.938 [SignForMasters_bot Telegram Executor] DEBUG r.c.t.r.AppointmentRepository - Checking active appointment for master m1 on 2025-10-30 at 15:30
2025-10-30 12:07:47.938 [SignForMasters_bot Telegram Executor] DEBUG r.c.t.r.AppointmentRepository - Active appointment exists: false
2025-10-30 12:07:47.939 [SignForMasters_bot Telegram Executor] DEBUG r.c.t.r.AppointmentRepository - Checking active appointment for master m1 on 2025-10-30 at 16:00
2025-10-30 12:07:47.940 [SignForMasters_bot Telegram Executor] DEBUG r.c.t.r.AppointmentRepository - Active appointment exists: false
2025-10-30 12:07:47.940 [SignForMasters_bot Telegram Executor] DEBUG r.c.t.r.AppointmentRepository - Checking active appointment for master m1 on 2025-10-30 at 16:30
2025-10-30 12:07:47.941 [SignForMasters_bot Telegram Executor] DEBUG r.c.t.r.AppointmentRepository - Active appointment exists: false
2025-10-30 12:07:47.941 [SignForMasters_bot Telegram Executor] DEBUG r.c.t.r.AppointmentRepository - Checking active appointment for master m1 on 2025-10-30 at 17:00
2025-10-30 12:07:47.942 [SignForMasters_bot Telegram Executor] DEBUG r.c.t.r.AppointmentRepository - Active appointment exists: false
2025-10-30 12:07:47.942 [SignForMasters_bot Telegram Executor] DEBUG r.c.t.r.AppointmentRepository - Checking active appointment for master m1 on 2025-10-30 at 17:30
2025-10-30 12:07:47.943 [SignForMasters_bot Telegram Executor] DEBUG r.c.t.r.AppointmentRepository - Active appointment exists: false
