2025-10-30 07:23:28.154 [main] INFO  r.c.tgbot_nails.service.AdminService - Seeding initial admins from config
2025-10-30 07:23:38.516 [SignForMasters_bot Telegram Executor] INFO  r.c.t.service.AppointmentService - Registering user: 1108777017
2025-10-30 07:23:38.643 [SignForMasters_bot Telegram Executor] INFO  r.c.t.service.AppointmentService - User 1108777017 registration result: success
2025-10-30 07:23:38.648 [SignForMasters_bot Telegram Executor] DEBUG r.c.tgbot_nails.service.AdminService - Admin check for user 1108777017: true
2025-10-30 07:23:41.417 [SignForMasters_bot Telegram Executor] DEBUG r.c.tgbot_nails.service.AdminService - Admin check for user 1108777017: true
2025-10-30 07:23:43.206 [SignForMasters_bot Telegram Executor] DEBUG r.c.tgbot_nails.service.AdminService - Admin check for user 1108777017: true
2025-10-30 07:23:44.225 [SignForMasters_bot Telegram Executor] DEBUG r.c.tgbot_nails.service.AdminService - Admin check for user 1108777017: true
2025-10-30 07:23:45.209 [SignForMasters_bot Telegram Executor] DEBUG r.c.tgbot_nails.service.AdminService - Admin check for user 1108777017: true
2025-10-30 07:23:46.163 [SignForMasters_bot Telegram Executor] DEBUG r.c.tgbot_nails.service.AdminService - Admin check for user 1108777017: true
2025-10-30 07:23:46.164 [SignForMasters_bot Telegram Executor] DEBUG r.c.tgbot_nails.service.AdminService - Admin check for user 1108777017: true
2025-10-30 07:23:49.918 [SignForMasters_bot Telegram Executor] DEBUG r.c.tgbot_nails.service.AdminService - Admin check for user 1108777017: true
2025-10-30 07:23:50.740 [SignForMasters_bot Telegram Executor] DEBUG r.c.tgbot_nails.service.AdminService - Admin check for user 1108777017: true
2025-10-30 07:23:54.485 [SignForMasters_bot Telegram Executor] DEBUG r.c.t.service.AppointmentService - Getting user by id: 1108777017
2025-10-30 07:23:54.488 [SignForMasters_bot Telegram Executor] DEBUG r.c.tgbot_nails.service.AdminService - Admin check for user 1108777017: true
2025-10-30 07:23:57.145 [SignForMasters_bot Telegram Executor] INFO  r.c.t.service.AppointmentService - Updating phone for user 1108777017: +79961868510
2025-10-30 07:23:58.521 [SignForMasters_bot Telegram Executor] DEBUG r.c.t.service.AppointmentService - Getting user by id: 1108777017
2025-10-30 07:23:58.524 [SignForMasters_bot Telegram Executor] DEBUG r.c.tgbot_nails.service.AdminService - Admin check for user 1108777017: true
2025-10-30 07:24:00.731 [SignForMasters_bot Telegram Executor] INFO  r.c.t.service.AppointmentService - Updating phone for user 1108777017: +79961868510
2025-10-30 07:24:11.100 [SignForMasters_bot Telegram Executor] DEBUG r.c.tgbot_nails.service.AdminService - Admin check for user 1108777017: true
2025-10-30 07:24:11.101 [SignForMasters_bot Telegram Executor] DEBUG r.c.tgbot_nails.service.AdminService - Admin check for user 1108777017: true
2025-10-30 07:24:12.055 [SignForMasters_bot Telegram Executor] DEBUG r.c.t.service.AppointmentService - Getting user by id: 1108777017
2025-10-30 07:24:12.058 [SignForMasters_bot Telegram Executor] DEBUG r.c.tgbot_nails.service.AdminService - Admin check for user 1108777017: true
2025-10-30 07:24:14.850 [SignForMasters_bot Telegram Executor] INFO  r.c.t.service.AppointmentService - Updating phone for user 1108777017: +79961868510
2025-10-30 07:24:16.461 [SignForMasters_bot Telegram Executor] DEBUG r.c.t.service.AppointmentService - Getting user by id: 1108777017
2025-10-30 07:24:16.464 [SignForMasters_bot Telegram Executor] DEBUG r.c.tgbot_nails.service.AdminService - Admin check for user 1108777017: true
2025-10-30 07:26:00.450 [main] INFO  r.c.tgbot_nails.service.AdminService - Seeding initial admins from config
2025-10-30 07:26:06.189 [SignForMasters_bot Telegram Executor] INFO  r.c.t.service.AppointmentService - Registering user: 1108777017
2025-10-30 07:26:06.310 [SignForMasters_bot Telegram Executor] INFO  r.c.t.service.AppointmentService - User 1108777017 registration result: success
2025-10-30 07:26:06.313 [SignForMasters_bot Telegram Executor] DEBUG r.c.tgbot_nails.service.AdminService - Admin check for user 1108777017: true
2025-10-30 07:26:07.854 [SignForMasters_bot Telegram Executor] DEBUG r.c.t.service.AppointmentService - Getting user by id: 1108777017
2025-10-30 07:26:07.857 [SignForMasters_bot Telegram Executor] DEBUG r.c.tgbot_nails.service.AdminService - Admin check for user 1108777017: true
2025-10-30 07:26:09.601 [SignForMasters_bot Telegram Executor] DEBUG r.c.tgbot_nails.service.AdminService - Admin check for user 1108777017: true
2025-10-30 07:26:11.136 [SignForMasters_bot Telegram Executor] DEBUG r.c.tgbot_nails.service.AdminService - Admin check for user 1108777017: true
2025-10-30 07:26:11.141 [SignForMasters_bot Telegram Executor] DEBUG r.c.t.service.AppointmentService - Getting available slots for master m1 on 2025-10-30
2025-10-30 07:26:12.236 [SignForMasters_bot Telegram Executor] DEBUG r.c.tgbot_nails.service.AdminService - Admin check for user 1108777017: true
2025-10-30 07:26:13.609 [SignForMasters_bot Telegram Executor] DEBUG r.c.tgbot_nails.service.AdminService - Admin check for user 1108777017: true
2025-10-30 07:50:40.545 [main] INFO  r.c.tgbot_nails.service.AdminService - Seeding initial admins from config
2025-10-30 07:50:42.068 [scheduling-1] DEBUG r.c.t.service.ReminderService - Checking reminders...
2025-10-30 07:50:42.164 [scheduling-1] INFO  r.c.t.service.ReminderService - Appointment 1108777017_m1_2025-10-10_11:30 was missed, cancelling
2025-10-30 07:50:42.164 [scheduling-1] INFO  r.c.t.service.AppointmentService - Cancelling appointment: 1108777017_m1_2025-10-10_11:30
2025-10-30 07:50:42.184 [scheduling-1] INFO  r.c.t.service.AppointmentService - Appointment 1108777017_m1_2025-10-10_11:30 cancelled successfully
2025-10-30 07:50:54.269 [SignForMasters_bot Telegram Executor] INFO  r.c.t.service.AppointmentService - Registering user: 1108777017
2025-10-30 07:50:54.282 [SignForMasters_bot Telegram Executor] INFO  r.c.t.service.AppointmentService - User 1108777017 registration result: success
2025-10-30 07:50:54.284 [SignForMasters_bot Telegram Executor] DEBUG r.c.tgbot_nails.service.AdminService - Admin check for user 1108777017: true
2025-10-30 07:50:57.518 [SignForMasters_bot Telegram Executor] DEBUG r.c.tgbot_nails.service.AdminService - Admin check for user 1108777017: true
2025-10-30 07:50:57.520 [SignForMasters_bot Telegram Executor] INFO  r.c.t.service.AppointmentService - Cancelling appointment: 1108777017_m1_2025-10-30_10:00
2025-10-30 07:50:57.522 [SignForMasters_bot Telegram Executor] INFO  r.c.t.service.AppointmentService - Appointment 1108777017_m1_2025-10-30_10:00 cancelled successfully
2025-10-30 07:50:59.858 [SignForMasters_bot Telegram Executor] DEBUG r.c.tgbot_nails.service.AdminService - Admin check for user 1108777017: true
2025-10-30 07:50:59.859 [SignForMasters_bot Telegram Executor] DEBUG r.c.tgbot_nails.service.AdminService - Admin check for user 1108777017: true
2025-10-30 07:51:02.358 [SignForMasters_bot Telegram Executor] DEBUG r.c.t.service.AppointmentService - Getting user by id: 1108777017
2025-10-30 07:51:02.361 [SignForMasters_bot Telegram Executor] DEBUG r.c.tgbot_nails.service.AdminService - Admin check for user 1108777017: true
2025-10-30 07:51:05.223 [SignForMasters_bot Telegram Executor] DEBUG r.c.tgbot_nails.service.AdminService - Admin check for user 1108777017: true
2025-10-30 07:51:07.015 [SignForMasters_bot Telegram Executor] DEBUG r.c.tgbot_nails.service.AdminService - Admin check for user 1108777017: true
2025-10-30 07:51:09.223 [SignForMasters_bot Telegram Executor] DEBUG r.c.tgbot_nails.service.AdminService - Admin check for user 1108777017: true
2025-10-30 07:51:10.069 [SignForMasters_bot Telegram Executor] DEBUG r.c.tgbot_nails.service.AdminService - Admin check for user 1108777017: true
2025-10-30 07:51:11.225 [SignForMasters_bot Telegram Executor] DEBUG r.c.tgbot_nails.service.AdminService - Admin check for user 1108777017: true
2025-10-30 07:51:11.226 [SignForMasters_bot Telegram Executor] DEBUG r.c.tgbot_nails.service.AdminService - Admin check for user 1108777017: true
2025-10-30 08:20:42.069 [scheduling-1] DEBUG r.c.t.service.ReminderService - Checking reminders...
2025-10-30 08:50:42.065 [scheduling-1] DEBUG r.c.t.service.ReminderService - Checking reminders...
2025-10-30 09:20:42.070 [scheduling-1] DEBUG r.c.t.service.ReminderService - Checking reminders...
2025-10-30 09:43:26.784 [main] INFO  r.c.tgbot_nails.service.AdminService - Seeding initial admins from config
2025-10-30 09:43:28.317 [scheduling-1] DEBUG r.c.t.service.ReminderService - Checking reminders...
2025-10-30 10:07:50.276 [main] INFO  r.c.tgbot_nails.service.AdminService - Seeding initial admins from config
2025-10-30 10:07:51.788 [scheduling-1] DEBUG r.c.t.service.ReminderService - Checking reminders...
2025-10-30 10:07:52.169 [SignForMasters_bot Telegram Executor] INFO  r.c.t.service.AppointmentService - Registering user: 1108777017
2025-10-30 10:07:52.196 [SignForMasters_bot Telegram Executor] INFO  r.c.t.service.AppointmentService - User 1108777017 registration result: success
2025-10-30 10:07:52.199 [SignForMasters_bot Telegram Executor] DEBUG r.c.tgbot_nails.service.AdminService - Admin check for user 1108777017: true
2025-10-30 10:07:54.303 [SignForMasters_bot Telegram Executor] DEBUG r.c.t.service.AppointmentService - Getting user by id: 1108777017
2025-10-30 10:07:54.306 [SignForMasters_bot Telegram Executor] DEBUG r.c.tgbot_nails.service.AdminService - Admin check for user 1108777017: true
2025-10-30 10:07:55.277 [SignForMasters_bot Telegram Executor] DEBUG r.c.tgbot_nails.service.AdminService - Admin check for user 1108777017: true
2025-10-30 10:07:56.468 [SignForMasters_bot Telegram Executor] DEBUG r.c.tgbot_nails.service.AdminService - Admin check for user 1108777017: true
2025-10-30 10:07:56.471 [SignForMasters_bot Telegram Executor] DEBUG r.c.t.service.AppointmentService - Getting available slots for master m1 on 2025-10-30
2025-10-30 10:07:57.353 [SignForMasters_bot Telegram Executor] DEBUG r.c.tgbot_nails.service.AdminService - Admin check for user 1108777017: true
2025-10-30 10:07:58.394 [SignForMasters_bot Telegram Executor] DEBUG r.c.tgbot_nails.service.AdminService - Admin check for user 1108777017: true
2025-10-30 10:08:00.131 [SignForMasters_bot Telegram Executor] DEBUG r.c.t.service.AppointmentService - Getting user by id: 1108777017
2025-10-30 10:08:00.133 [SignForMasters_bot Telegram Executor] DEBUG r.c.tgbot_nails.service.AdminService - Admin check for user 1108777017: true
2025-10-30 10:08:00.972 [SignForMasters_bot Telegram Executor] DEBUG r.c.tgbot_nails.service.AdminService - Admin check for user 1108777017: true
2025-10-30 10:08:02.010 [SignForMasters_bot Telegram Executor] DEBUG r.c.tgbot_nails.service.AdminService - Admin check for user 1108777017: true
2025-10-30 10:08:02.012 [SignForMasters_bot Telegram Executor] DEBUG r.c.t.service.AppointmentService - Getting available slots for master m1 on 2025-10-30
2025-10-30 10:08:03.193 [SignForMasters_bot Telegram Executor] DEBUG r.c.tgbot_nails.service.AdminService - Admin check for user 1108777017: true
2025-10-30 10:08:04.099 [SignForMasters_bot Telegram Executor] DEBUG r.c.tgbot_nails.service.AdminService - Admin check for user 1108777017: true
2025-10-30 10:08:11.052 [SignForMasters_bot Telegram Executor] DEBUG r.c.tgbot_nails.service.AdminService - Admin check for user 1108777017: true
2025-10-30 10:08:11.053 [SignForMasters_bot Telegram Executor] DEBUG r.c.tgbot_nails.service.AdminService - Admin check for user 1108777017: true
2025-10-30 10:08:12.581 [SignForMasters_bot Telegram Executor] DEBUG r.c.t.service.AppointmentService - Getting user by id: 1108777017
2025-10-30 10:08:12.583 [SignForMasters_bot Telegram Executor] DEBUG r.c.tgbot_nails.service.AdminService - Admin check for user 1108777017: true
2025-10-30 10:08:13.716 [SignForMasters_bot Telegram Executor] DEBUG r.c.tgbot_nails.service.AdminService - Admin check for user 1108777017: true
2025-10-30 10:08:14.903 [SignForMasters_bot Telegram Executor] DEBUG r.c.tgbot_nails.service.AdminService - Admin check for user 1108777017: true
2025-10-30 10:08:14.904 [SignForMasters_bot Telegram Executor] DEBUG r.c.t.service.AppointmentService - Getting available slots for master m1 on 2025-10-30
2025-10-30 10:08:16.271 [SignForMasters_bot Telegram Executor] DEBUG r.c.tgbot_nails.service.AdminService - Admin check for user 1108777017: true
2025-10-30 10:08:17.840 [SignForMasters_bot Telegram Executor] DEBUG r.c.tgbot_nails.service.AdminService - Admin check for user 1108777017: true
2025-10-30 10:25:46.094 [main] INFO  r.c.tgbot_nails.service.AdminService - Seeding initial admins from config
2025-10-30 10:25:47.603 [scheduling-1] DEBUG r.c.t.service.ReminderService - Checking reminders...
2025-10-30 10:25:50.426 [SignForMasters_bot Telegram Executor] DEBUG r.c.t.service.AppointmentService - Getting user by id: 1108777017
2025-10-30 10:25:50.443 [SignForMasters_bot Telegram Executor] DEBUG r.c.tgbot_nails.service.AdminService - Admin check for user 1108777017: true
2025-10-30 10:25:51.295 [SignForMasters_bot Telegram Executor] DEBUG r.c.tgbot_nails.service.AdminService - Admin check for user 1108777017: true
2025-10-30 10:25:52.536 [SignForMasters_bot Telegram Executor] DEBUG r.c.tgbot_nails.service.AdminService - Admin check for user 1108777017: true
2025-10-30 10:25:52.539 [SignForMasters_bot Telegram Executor] DEBUG r.c.t.service.AppointmentService - Getting available slots for master m1 on 2025-10-30
2025-10-30 10:25:53.933 [SignForMasters_bot Telegram Executor] DEBUG r.c.tgbot_nails.service.AdminService - Admin check for user 1108777017: true
2025-10-30 10:25:55.117 [SignForMasters_bot Telegram Executor] DEBUG r.c.tgbot_nails.service.AdminService - Admin check for user 1108777017: true
2025-10-30 10:25:56.221 [SignForMasters_bot Telegram Executor] DEBUG r.c.t.service.AppointmentService - Getting user by id: 1108777017
2025-10-30 10:25:56.224 [SignForMasters_bot Telegram Executor] DEBUG r.c.tgbot_nails.service.AdminService - Admin check for user 1108777017: true
2025-10-30 10:25:57.131 [SignForMasters_bot Telegram Executor] DEBUG r.c.tgbot_nails.service.AdminService - Admin check for user 1108777017: true
2025-10-30 10:25:58.056 [SignForMasters_bot Telegram Executor] DEBUG r.c.tgbot_nails.service.AdminService - Admin check for user 1108777017: true
2025-10-30 10:25:58.057 [SignForMasters_bot Telegram Executor] DEBUG r.c.t.service.AppointmentService - Getting available slots for master m1 on 2025-10-30
2025-10-30 10:25:58.798 [SignForMasters_bot Telegram Executor] DEBUG r.c.tgbot_nails.service.AdminService - Admin check for user 1108777017: true
2025-10-30 10:25:59.732 [SignForMasters_bot Telegram Executor] DEBUG r.c.tgbot_nails.service.AdminService - Admin check for user 1108777017: true
2025-10-30 10:26:00.793 [SignForMasters_bot Telegram Executor] DEBUG r.c.t.service.AppointmentService - Getting user by id: 1108777017
2025-10-30 10:26:00.795 [SignForMasters_bot Telegram Executor] DEBUG r.c.tgbot_nails.service.AdminService - Admin check for user 1108777017: true
2025-10-30 10:26:01.586 [SignForMasters_bot Telegram Executor] DEBUG r.c.tgbot_nails.service.AdminService - Admin check for user 1108777017: true
2025-10-30 10:26:02.768 [SignForMasters_bot Telegram Executor] DEBUG r.c.tgbot_nails.service.AdminService - Admin check for user 1108777017: true
2025-10-30 10:26:02.770 [SignForMasters_bot Telegram Executor] DEBUG r.c.t.service.AppointmentService - Getting available slots for master m1 on 2025-10-30
2025-10-30 10:26:05.791 [SignForMasters_bot Telegram Executor] DEBUG r.c.tgbot_nails.service.AdminService - Admin check for user 1108777017: true
2025-10-30 10:26:06.747 [SignForMasters_bot Telegram Executor] DEBUG r.c.tgbot_nails.service.AdminService - Admin check for user 1108777017: true
2025-10-30 10:31:00.451 [SignForMasters_bot Telegram Executor] DEBUG r.c.t.service.AppointmentService - Getting user by id: 1108777017
2025-10-30 10:31:00.454 [SignForMasters_bot Telegram Executor] DEBUG r.c.tgbot_nails.service.AdminService - Admin check for user 1108777017: true
2025-10-30 10:31:01.564 [SignForMasters_bot Telegram Executor] DEBUG r.c.tgbot_nails.service.AdminService - Admin check for user 1108777017: true
2025-10-30 10:31:02.605 [SignForMasters_bot Telegram Executor] DEBUG r.c.tgbot_nails.service.AdminService - Admin check for user 1108777017: true
2025-10-30 10:31:02.606 [SignForMasters_bot Telegram Executor] DEBUG r.c.t.service.AppointmentService - Getting available slots for master m1 on 2025-10-30
2025-10-30 10:31:17.663 [main] INFO  r.c.tgbot_nails.service.AdminService - Seeding initial admins from config
2025-10-30 10:31:18.695 [SignForMasters_bot Telegram Executor] DEBUG r.c.t.service.AppointmentService - Getting user by id: 1108777017
2025-10-30 10:31:18.839 [SignForMasters_bot Telegram Executor] DEBUG r.c.tgbot_nails.service.AdminService - Admin check for user 1108777017: true
2025-10-30 10:31:19.247 [scheduling-1] DEBUG r.c.t.service.ReminderService - Checking reminders...
2025-10-30 10:31:19.254 [scheduling-1] INFO  r.c.t.service.ReminderService - Appointment 1108777017_m1_2025-10-30_10:30 was missed, cancelling
2025-10-30 10:31:19.255 [scheduling-1] INFO  r.c.t.service.AppointmentService - Cancelling appointment: 1108777017_m1_2025-10-30_10:30
2025-10-30 10:31:19.271 [scheduling-1] INFO  r.c.t.service.AppointmentService - Appointment 1108777017_m1_2025-10-30_10:30 cancelled successfully
2025-10-30 10:31:19.738 [SignForMasters_bot Telegram Executor] DEBUG r.c.tgbot_nails.service.AdminService - Admin check for user 1108777017: true
2025-10-30 10:31:20.710 [SignForMasters_bot Telegram Executor] DEBUG r.c.tgbot_nails.service.AdminService - Admin check for user 1108777017: true
2025-10-30 10:31:20.713 [SignForMasters_bot Telegram Executor] DEBUG r.c.t.service.AppointmentService - Getting available slots for master m1 on 2025-10-30
2025-10-30 10:31:26.279 [SignForMasters_bot Telegram Executor] DEBUG r.c.tgbot_nails.service.AdminService - Admin check for user 1108777017: true
2025-10-30 10:31:27.208 [SignForMasters_bot Telegram Executor] DEBUG r.c.tgbot_nails.service.AdminService - Admin check for user 1108777017: true
2025-10-30 10:33:03.268 [main] INFO  r.c.tgbot_nails.service.AdminService - Seeding initial admins from config
2025-10-30 10:33:04.331 [SignForMasters_bot Telegram Executor] DEBUG r.c.t.service.AppointmentService - Getting user by id: 1108777017
2025-10-30 10:33:05.060 [scheduling-1] DEBUG r.c.t.service.ReminderService - Checking reminders...
2025-10-30 10:46:15.636 [SignForMasters_bot Telegram Executor] DEBUG r.c.t.service.AppointmentService - Getting user by id: 1108777017
2025-10-30 10:47:59.861 [main] INFO  r.c.tgbot_nails.service.AdminService - Seeding initial admins from config
2025-10-30 10:48:01.326 [scheduling-1] DEBUG r.c.t.service.ReminderService - Checking reminders...
2025-10-30 10:55:42.709 [SignForMasters_bot Telegram Executor] DEBUG r.c.t.service.AppointmentService - Getting user by id: 1108777017
2025-10-30 10:55:42.727 [SignForMasters_bot Telegram Executor] DEBUG r.c.tgbot_nails.service.AdminService - Admin check for user 1108777017: true
2025-10-30 10:55:43.923 [SignForMasters_bot Telegram Executor] DEBUG r.c.tgbot_nails.service.AdminService - Admin check for user 1108777017: true
2025-10-30 10:55:45.036 [SignForMasters_bot Telegram Executor] DEBUG r.c.tgbot_nails.service.AdminService - Admin check for user 1108777017: true
2025-10-30 10:55:45.039 [SignForMasters_bot Telegram Executor] DEBUG r.c.t.service.AppointmentService - Getting available slots for master m1 on 2025-10-30
2025-10-30 10:55:46.225 [SignForMasters_bot Telegram Executor] DEBUG r.c.tgbot_nails.service.AdminService - Admin check for user 1108777017: true
2025-10-30 10:55:47.064 [SignForMasters_bot Telegram Executor] DEBUG r.c.tgbot_nails.service.AdminService - Admin check for user 1108777017: true
2025-10-30 11:00:05.250 [main] INFO  r.c.tgbot_nails.service.AdminService - Seeding initial admins from config
2025-10-30 11:00:06.535 [scheduling-1] DEBUG r.c.t.service.ReminderService - Checking reminders...
2025-10-30 11:00:06.633 [scheduling-1] INFO  r.c.t.service.ReminderService - Appointment 1108777017_m1_2025-10-30_11:00 was missed, cancelling
2025-10-30 11:00:06.633 [scheduling-1] INFO  r.c.t.service.AppointmentService - Cancelling appointment: 1108777017_m1_2025-10-30_11:00
2025-10-30 11:00:06.656 [scheduling-1] INFO  r.c.t.service.AppointmentService - Appointment 1108777017_m1_2025-10-30_11:00 cancelled successfully
2025-10-30 11:02:56.781 [main] INFO  r.c.tgbot_nails.service.AdminService - Seeding initial admins from config
2025-10-30 11:02:57.813 [SignForMasters_bot Telegram Executor] DEBUG r.c.t.service.AppointmentService - Getting user by id: 1108777017
2025-10-30 11:02:57.950 [SignForMasters_bot Telegram Executor] DEBUG r.c.tgbot_nails.service.AdminService - Admin check for user 1108777017: true
2025-10-30 11:02:58.146 [scheduling-1] DEBUG r.c.t.service.ReminderService - Checking reminders...
2025-10-30 11:03:04.428 [SignForMasters_bot Telegram Executor] DEBUG r.c.t.service.AppointmentService - Getting user by id: 1108777017
2025-10-30 11:03:04.431 [SignForMasters_bot Telegram Executor] DEBUG r.c.tgbot_nails.service.AdminService - Admin check for user 1108777017: true
2025-10-30 11:03:05.452 [SignForMasters_bot Telegram Executor] DEBUG r.c.tgbot_nails.service.AdminService - Admin check for user 1108777017: true
2025-10-30 11:03:07.300 [SignForMasters_bot Telegram Executor] DEBUG r.c.tgbot_nails.service.AdminService - Admin check for user 1108777017: true
2025-10-30 11:03:07.304 [SignForMasters_bot Telegram Executor] DEBUG r.c.t.service.AppointmentService - Getting available slots for master m1 on 2025-10-30
2025-10-30 11:03:08.677 [SignForMasters_bot Telegram Executor] DEBUG r.c.tgbot_nails.service.AdminService - Admin check for user 1108777017: true
2025-10-30 11:03:09.684 [SignForMasters_bot Telegram Executor] DEBUG r.c.tgbot_nails.service.AdminService - Admin check for user 1108777017: true
2025-10-30 11:03:09.707 [SignForMasters_bot Telegram Executor] DEBUG r.c.tgbot_nails.service.AdminService - Admin check for user 1108777017: true
2025-10-30 11:03:11.973 [SignForMasters_bot Telegram Executor] DEBUG r.c.t.service.AppointmentService - Getting user by id: 1108777017
2025-10-30 11:03:11.975 [SignForMasters_bot Telegram Executor] DEBUG r.c.tgbot_nails.service.AdminService - Admin check for user 1108777017: true
2025-10-30 11:03:12.779 [SignForMasters_bot Telegram Executor] DEBUG r.c.tgbot_nails.service.AdminService - Admin check for user 1108777017: true
2025-10-30 11:03:14.363 [SignForMasters_bot Telegram Executor] DEBUG r.c.tgbot_nails.service.AdminService - Admin check for user 1108777017: true
2025-10-30 11:03:14.364 [SignForMasters_bot Telegram Executor] DEBUG r.c.t.service.AppointmentService - Getting available slots for master m1 on 2025-10-30
2025-10-30 11:03:15.263 [SignForMasters_bot Telegram Executor] DEBUG r.c.tgbot_nails.service.AdminService - Admin check for user 1108777017: true
2025-10-30 11:03:16.047 [SignForMasters_bot Telegram Executor] DEBUG r.c.tgbot_nails.service.AdminService - Admin check for user 1108777017: true
2025-10-30 11:03:16.052 [SignForMasters_bot Telegram Executor] DEBUG r.c.tgbot_nails.service.AdminService - Admin check for user 1108777017: true
2025-10-30 11:03:18.341 [SignForMasters_bot Telegram Executor] DEBUG r.c.tgbot_nails.service.AdminService - Admin check for user 1108777017: true
2025-10-30 11:03:18.343 [SignForMasters_bot Telegram Executor] INFO  r.c.t.service.AppointmentService - Cancelling appointment: 1108777017_m1_2025-10-30_17:30
2025-10-30 11:03:18.349 [SignForMasters_bot Telegram Executor] INFO  r.c.t.service.AppointmentService - Appointment 1108777017_m1_2025-10-30_17:30 cancelled successfully
2025-10-30 11:03:21.875 [SignForMasters_bot Telegram Executor] DEBUG r.c.tgbot_nails.service.AdminService - Admin check for user 1108777017: true
2025-10-30 11:03:21.876 [SignForMasters_bot Telegram Executor] INFO  r.c.t.service.AppointmentService - Cancelling appointment: 1108777017_m1_2025-10-30_12:00
2025-10-30 11:03:21.878 [SignForMasters_bot Telegram Executor] INFO  r.c.t.service.AppointmentService - Appointment 1108777017_m1_2025-10-30_12:00 cancelled successfully
2025-10-30 11:03:23.561 [SignForMasters_bot Telegram Executor] DEBUG r.c.tgbot_nails.service.AdminService - Admin check for user 1108777017: true
2025-10-30 11:03:23.562 [SignForMasters_bot Telegram Executor] INFO  r.c.t.service.AppointmentService - Cancelling appointment: 1108777017_m1_2025-10-30_12:30
2025-10-30 11:03:23.564 [SignForMasters_bot Telegram Executor] INFO  r.c.t.service.AppointmentService - Appointment 1108777017_m1_2025-10-30_12:30 cancelled successfully
2025-10-30 11:03:25.171 [SignForMasters_bot Telegram Executor] DEBUG r.c.tgbot_nails.service.AdminService - Admin check for user 1108777017: true
2025-10-30 11:03:25.172 [SignForMasters_bot Telegram Executor] INFO  r.c.t.service.AppointmentService - Cancelling appointment: 1108777017_m1_2025-10-30_11:30
2025-10-30 11:03:25.174 [SignForMasters_bot Telegram Executor] INFO  r.c.t.service.AppointmentService - Appointment 1108777017_m1_2025-10-30_11:30 cancelled successfully
2025-10-30 11:03:25.961 [SignForMasters_bot Telegram Executor] DEBUG r.c.tgbot_nails.service.AdminService - Admin check for user 1108777017: true
2025-10-30 11:03:26.866 [SignForMasters_bot Telegram Executor] DEBUG r.c.t.service.AppointmentService - Getting user by id: 1108777017
2025-10-30 11:03:26.868 [SignForMasters_bot Telegram Executor] DEBUG r.c.tgbot_nails.service.AdminService - Admin check for user 1108777017: true
2025-10-30 11:14:57.866 [main] INFO  r.c.tgbot_nails.service.AdminService - Seeding initial admins from config
2025-10-30 11:14:58.932 [SignForMasters_bot Telegram Executor] DEBUG r.c.tgbot_nails.service.AdminService - Admin check for user 1108777017: true
2025-10-30 11:14:59.116 [scheduling-1] DEBUG r.c.t.service.ReminderService - Checking reminders...
2025-10-30 11:15:02.151 [SignForMasters_bot Telegram Executor] DEBUG r.c.t.service.AppointmentService - Getting user by id: 1108777017
2025-10-30 11:15:02.159 [SignForMasters_bot Telegram Executor] DEBUG r.c.tgbot_nails.service.AdminService - Admin check for user 1108777017: true
2025-10-30 11:15:03.384 [SignForMasters_bot Telegram Executor] DEBUG r.c.tgbot_nails.service.AdminService - Admin check for user 1108777017: true
2025-10-30 11:15:04.359 [SignForMasters_bot Telegram Executor] DEBUG r.c.tgbot_nails.service.AdminService - Admin check for user 1108777017: true
2025-10-30 11:15:04.362 [SignForMasters_bot Telegram Executor] DEBUG r.c.t.service.AppointmentService - Getting available slots for master m1 on 2025-10-30
2025-10-30 11:15:05.114 [SignForMasters_bot Telegram Executor] DEBUG r.c.tgbot_nails.service.AdminService - Admin check for user 1108777017: true
2025-10-30 11:15:06.085 [SignForMasters_bot Telegram Executor] DEBUG r.c.tgbot_nails.service.AdminService - Admin check for user 1108777017: true
2025-10-30 11:44:59.113 [scheduling-1] DEBUG r.c.t.service.ReminderService - Checking reminders...
2025-10-30 12:07:14.094 [main] INFO  r.c.tgbot_nails.service.AdminService - Seeding initial admins from config
2025-10-30 12:07:15.400 [scheduling-1] DEBUG r.c.t.service.ReminderService - Checking reminders...
2025-10-30 12:07:17.282 [SignForMasters_bot Telegram Executor] INFO  r.c.t.service.AppointmentService - Registering user: 1108777017
2025-10-30 12:07:17.313 [SignForMasters_bot Telegram Executor] INFO  r.c.t.service.AppointmentService - User 1108777017 registration result: success
2025-10-30 12:07:17.316 [SignForMasters_bot Telegram Executor] DEBUG r.c.tgbot_nails.service.AdminService - Admin check for user 1108777017: true
2025-10-30 12:07:19.399 [SignForMasters_bot Telegram Executor] DEBUG r.c.tgbot_nails.service.AdminService - Admin check for user 1108777017: true
2025-10-30 12:07:21.209 [SignForMasters_bot Telegram Executor] DEBUG r.c.tgbot_nails.service.AdminService - Admin check for user 1108777017: true
2025-10-30 12:07:21.210 [SignForMasters_bot Telegram Executor] DEBUG r.c.tgbot_nails.service.AdminService - Admin check for user 1108777017: true
2025-10-30 12:07:22.575 [SignForMasters_bot Telegram Executor] DEBUG r.c.t.service.AppointmentService - Getting user by id: 1108777017
2025-10-30 12:07:22.579 [SignForMasters_bot Telegram Executor] DEBUG r.c.tgbot_nails.service.AdminService - Admin check for user 1108777017: true
2025-10-30 12:07:23.616 [SignForMasters_bot Telegram Executor] DEBUG r.c.tgbot_nails.service.AdminService - Admin check for user 1108777017: true
2025-10-30 12:07:25.132 [SignForMasters_bot Telegram Executor] DEBUG r.c.tgbot_nails.service.AdminService - Admin check for user 1108777017: true
2025-10-30 12:07:25.135 [SignForMasters_bot Telegram Executor] DEBUG r.c.t.service.AppointmentService - Getting available slots for master m1 on 2025-10-30
2025-10-30 12:07:27.671 [SignForMasters_bot Telegram Executor] DEBUG r.c.tgbot_nails.service.AdminService - Admin check for user 1108777017: true
2025-10-30 12:07:28.927 [SignForMasters_bot Telegram Executor] DEBUG r.c.tgbot_nails.service.AdminService - Admin check for user 1108777017: true
2025-10-30 12:07:28.935 [SignForMasters_bot Telegram Executor] INFO  r.c.t.service.AppointmentService - Reactivated cancelled appointment 1108777017_m1_2025-10-30_12:30
2025-10-30 12:07:28.939 [SignForMasters_bot Telegram Executor] DEBUG r.c.tgbot_nails.service.AdminService - Admin check for user 1108777017: true
2025-10-30 12:07:36.997 [SignForMasters_bot Telegram Executor] DEBUG r.c.tgbot_nails.service.AdminService - Admin check for user 1108777017: true
2025-10-30 12:07:36.999 [SignForMasters_bot Telegram Executor] INFO  r.c.t.service.AppointmentService - Cancelling appointment: 1108777017_m1_2025-10-30_12:30
2025-10-30 12:07:37.003 [SignForMasters_bot Telegram Executor] INFO  r.c.t.service.AppointmentService - Appointment 1108777017_m1_2025-10-30_12:30 cancelled successfully
2025-10-30 12:07:38.486 [SignForMasters_bot Telegram Executor] DEBUG r.c.t.service.AppointmentService - Getting user by id: 1108777017
2025-10-30 12:07:38.489 [SignForMasters_bot Telegram Executor] DEBUG r.c.tgbot_nails.service.AdminService - Admin check for user 1108777017: true
2025-10-30 12:07:39.592 [SignForMasters_bot Telegram Executor] DEBUG r.c.tgbot_nails.service.AdminService - Admin check for user 1108777017: true
2025-10-30 12:07:40.658 [SignForMasters_bot Telegram Executor] DEBUG r.c.tgbot_nails.service.AdminService - Admin check for user 1108777017: true
2025-10-30 12:07:40.659 [SignForMasters_bot Telegram Executor] DEBUG r.c.t.service.AppointmentService - Getting available slots for master m1 on 2025-10-30
2025-10-30 12:07:41.842 [SignForMasters_bot Telegram Executor] DEBUG r.c.tgbot_nails.service.AdminService - Admin check for user 1108777017: true
2025-10-30 12:07:42.915 [SignForMasters_bot Telegram Executor] DEBUG r.c.tgbot_nails.service.AdminService - Admin check for user 1108777017: true
2025-10-30 12:07:42.918 [SignForMasters_bot Telegram Executor] INFO  r.c.t.service.AppointmentService - Reactivated cancelled appointment 1108777017_m1_2025-10-30_12:30
2025-10-30 12:07:42.921 [SignForMasters_bot Telegram Executor] DEBUG r.c.tgbot_nails.service.AdminService - Admin check for user 1108777017: true
2025-10-30 12:07:46.213 [SignForMasters_bot Telegram Executor] DEBUG r.c.t.service.AppointmentService - Getting user by id: 1108777017
2025-10-30 12:07:46.217 [SignForMasters_bot Telegram Executor] DEBUG r.c.tgbot_nails.service.AdminService - Admin check for user 1108777017: true
2025-10-30 12:07:47.039 [SignForMasters_bot Telegram Executor] DEBUG r.c.tgbot_nails.service.AdminService - Admin check for user 1108777017: true
2025-10-30 12:07:47.927 [SignForMasters_bot Telegram Executor] DEBUG r.c.tgbot_nails.service.AdminService - Admin check for user 1108777017: true
2025-10-30 12:07:47.928 [SignForMasters_bot Telegram Executor] DEBUG r.c.t.service.AppointmentService - Getting available slots for master m1 on 2025-10-30
