2025-10-10 12:34:20.622 [main] INFO  r.c.tgbot_nails.service.AdminService - Seeding initial admins from config
2025-10-10 12:39:11.087 [main] INFO  r.c.tgbot_nails.service.AdminService - Seeding initial admins from config
2025-10-10 12:39:20.333 [SignForMasters_bot Telegram Executor] INFO  r.c.t.service.AppointmentService - Registering user: 1108777017
2025-10-10 12:39:20.498 [SignForMasters_bot Telegram Executor] INFO  r.c.t.service.AppointmentService - User 1108777017 registration result: success
2025-10-10 12:39:20.501 [SignForMasters_bot Telegram Executor] DEBUG r.c.tgbot_nails.service.AdminService - Admin check for user 1108777017: true
2025-10-10 12:39:22.784 [SignForMasters_bot Telegram Executor] DEBUG r.c.t.service.AppointmentService - Getting user by id: 1108777017
2025-10-10 12:39:22.788 [SignForMasters_bot Telegram Executor] DEBUG r.c.tgbot_nails.service.AdminService - Admin check for user 1108777017: true
2025-10-10 12:39:25.579 [SignForMasters_bot Telegram Executor] DEBUG r.c.t.service.AppointmentService - Getting available slots for master m1 on 2025-10-12
2025-10-10 12:48:07.453 [main] INFO  r.c.tgbot_nails.service.AdminService - Seeding initial admins from config
2025-10-10 12:48:13.916 [SignForMasters_bot Telegram Executor] DEBUG r.c.t.service.AppointmentService - Getting user by id: 1108777017
2025-10-10 12:48:14.035 [SignForMasters_bot Telegram Executor] DEBUG r.c.tgbot_nails.service.AdminService - Admin check for user 1108777017: true
2025-10-10 12:48:14.935 [SignForMasters_bot Telegram Executor] DEBUG r.c.tgbot_nails.service.AdminService - Admin check for user 1108777017: true
2025-10-10 12:48:16.051 [SignForMasters_bot Telegram Executor] DEBUG r.c.tgbot_nails.service.AdminService - Admin check for user 1108777017: true
2025-10-10 12:48:16.055 [SignForMasters_bot Telegram Executor] DEBUG r.c.t.service.AppointmentService - Getting available slots for master m1 on 2025-10-10
2025-10-10 12:48:16.911 [SignForMasters_bot Telegram Executor] DEBUG r.c.tgbot_nails.service.AdminService - Admin check for user 1108777017: true
2025-10-10 12:48:18.144 [SignForMasters_bot Telegram Executor] DEBUG r.c.tgbot_nails.service.AdminService - Admin check for user 1108777017: true
2025-10-10 12:48:19.099 [SignForMasters_bot Telegram Executor] DEBUG r.c.t.service.AppointmentService - Getting user by id: 1108777017
2025-10-10 12:48:19.101 [SignForMasters_bot Telegram Executor] DEBUG r.c.tgbot_nails.service.AdminService - Admin check for user 1108777017: true
2025-10-10 12:48:20.192 [SignForMasters_bot Telegram Executor] DEBUG r.c.tgbot_nails.service.AdminService - Admin check for user 1108777017: true
2025-10-10 12:48:22.496 [SignForMasters_bot Telegram Executor] DEBUG r.c.tgbot_nails.service.AdminService - Admin check for user 1108777017: true
2025-10-10 12:48:22.497 [SignForMasters_bot Telegram Executor] DEBUG r.c.t.service.AppointmentService - Getting available slots for master m1 on 2025-10-10
2025-10-10 12:48:23.748 [SignForMasters_bot Telegram Executor] DEBUG r.c.tgbot_nails.service.AdminService - Admin check for user 1108777017: true
2025-10-10 12:48:24.549 [SignForMasters_bot Telegram Executor] DEBUG r.c.tgbot_nails.service.AdminService - Admin check for user 1108777017: true
2025-10-10 12:48:28.501 [SignForMasters_bot Telegram Executor] DEBUG r.c.tgbot_nails.service.AdminService - Admin check for user 1108777017: true
2025-10-10 12:48:29.970 [SignForMasters_bot Telegram Executor] DEBUG r.c.tgbot_nails.service.AdminService - Admin check for user 1108777017: true
2025-10-10 12:48:30.884 [SignForMasters_bot Telegram Executor] DEBUG r.c.tgbot_nails.service.AdminService - Admin check for user 1108777017: true
2025-10-10 12:48:31.512 [SignForMasters_bot Telegram Executor] DEBUG r.c.t.service.AppointmentService - Getting user by id: 1108777017
2025-10-10 12:48:31.515 [SignForMasters_bot Telegram Executor] DEBUG r.c.tgbot_nails.service.AdminService - Admin check for user 1108777017: true
2025-10-10 12:48:32.347 [SignForMasters_bot Telegram Executor] DEBUG r.c.tgbot_nails.service.AdminService - Admin check for user 1108777017: true
2025-10-10 12:48:33.379 [SignForMasters_bot Telegram Executor] DEBUG r.c.tgbot_nails.service.AdminService - Admin check for user 1108777017: true
2025-10-10 12:48:33.380 [SignForMasters_bot Telegram Executor] DEBUG r.c.t.service.AppointmentService - Getting available slots for master m1 on 2025-10-10
2025-10-10 12:48:48.034 [SignForMasters_bot Telegram Executor] DEBUG r.c.tgbot_nails.service.AdminService - Admin check for user 1108777017: true
2025-10-10 12:48:49.352 [SignForMasters_bot Telegram Executor] DEBUG r.c.tgbot_nails.service.AdminService - Admin check for user 1108777017: true
2025-10-10 12:48:50.238 [SignForMasters_bot Telegram Executor] DEBUG r.c.tgbot_nails.service.AdminService - Admin check for user 1108777017: true
2025-10-10 12:48:50.239 [SignForMasters_bot Telegram Executor] DEBUG r.c.tgbot_nails.service.AdminService - Admin check for user 1108777017: true
2025-10-10 12:48:51.130 [SignForMasters_bot Telegram Executor] DEBUG r.c.tgbot_nails.service.AdminService - Admin check for user 1108777017: true
2025-10-10 12:48:56.077 [SignForMasters_bot Telegram Executor] DEBUG r.c.tgbot_nails.service.AdminService - Admin check for user 1108777017: true
2025-10-10 12:49:00.557 [SignForMasters_bot Telegram Executor] DEBUG r.c.tgbot_nails.service.AdminService - Admin check for user 1108777017: true
2025-10-10 12:49:03.950 [SignForMasters_bot Telegram Executor] DEBUG r.c.tgbot_nails.service.AdminService - Admin check for user 1108777017: true
2025-10-10 12:49:06.497 [SignForMasters_bot Telegram Executor] DEBUG r.c.tgbot_nails.service.AdminService - Admin check for user 1108777017: true
2025-10-10 12:49:08.948 [SignForMasters_bot Telegram Executor] DEBUG r.c.tgbot_nails.service.AdminService - Admin check for user 1108777017: true
2025-10-10 12:49:08.948 [SignForMasters_bot Telegram Executor] DEBUG r.c.tgbot_nails.service.AdminService - Admin check for user 1108777017: true
2025-10-10 12:49:09.889 [SignForMasters_bot Telegram Executor] DEBUG r.c.t.service.AppointmentService - Getting user by id: 1108777017
2025-10-10 12:49:09.892 [SignForMasters_bot Telegram Executor] DEBUG r.c.tgbot_nails.service.AdminService - Admin check for user 1108777017: true
2025-10-10 12:49:11.879 [SignForMasters_bot Telegram Executor] DEBUG r.c.tgbot_nails.service.AdminService - Admin check for user 1108777017: true
2025-10-10 12:49:13.088 [SignForMasters_bot Telegram Executor] DEBUG r.c.tgbot_nails.service.AdminService - Admin check for user 1108777017: true
2025-10-10 12:49:13.089 [SignForMasters_bot Telegram Executor] DEBUG r.c.t.service.AppointmentService - Getting available slots for master __ on 2025-10-10
2025-10-10 12:49:14.724 [SignForMasters_bot Telegram Executor] DEBUG r.c.tgbot_nails.service.AdminService - Admin check for user 1108777017: true
2025-10-10 12:49:15.760 [SignForMasters_bot Telegram Executor] DEBUG r.c.tgbot_nails.service.AdminService - Admin check for user 1108777017: true
2025-10-10 12:49:17.580 [SignForMasters_bot Telegram Executor] DEBUG r.c.t.service.AppointmentService - Getting user by id: 1108777017
2025-10-10 12:49:17.582 [SignForMasters_bot Telegram Executor] DEBUG r.c.tgbot_nails.service.AdminService - Admin check for user 1108777017: true
2025-10-10 12:49:18.397 [SignForMasters_bot Telegram Executor] DEBUG r.c.tgbot_nails.service.AdminService - Admin check for user 1108777017: true
2025-10-10 12:49:19.701 [SignForMasters_bot Telegram Executor] DEBUG r.c.tgbot_nails.service.AdminService - Admin check for user 1108777017: true
2025-10-10 12:49:19.702 [SignForMasters_bot Telegram Executor] DEBUG r.c.t.service.AppointmentService - Getting available slots for master __ on 2025-10-10
2025-10-10 12:49:23.269 [SignForMasters_bot Telegram Executor] DEBUG r.c.tgbot_nails.service.AdminService - Admin check for user 1108777017: true
2025-10-10 12:49:23.269 [SignForMasters_bot Telegram Executor] DEBUG r.c.tgbot_nails.service.AdminService - Admin check for user 1108777017: true
2025-10-10 12:49:40.518 [SignForMasters_bot Telegram Executor] DEBUG r.c.tgbot_nails.service.AdminService - Admin check for user 1108777017: true
2025-10-10 12:49:41.592 [SignForMasters_bot Telegram Executor] DEBUG r.c.tgbot_nails.service.AdminService - Admin check for user 1108777017: true
2025-10-10 12:49:43.761 [SignForMasters_bot Telegram Executor] DEBUG r.c.tgbot_nails.service.AdminService - Admin check for user 1108777017: true
2025-10-10 12:49:43.762 [SignForMasters_bot Telegram Executor] DEBUG r.c.tgbot_nails.service.AdminService - Admin check for user 1108777017: true
2025-10-10 12:49:46.135 [SignForMasters_bot Telegram Executor] DEBUG r.c.tgbot_nails.service.AdminService - Admin check for user 1108777017: true
2025-10-10 12:49:46.135 [SignForMasters_bot Telegram Executor] DEBUG r.c.tgbot_nails.service.AdminService - Admin check for user 1108777017: true
2025-10-10 12:49:48.438 [SignForMasters_bot Telegram Executor] DEBUG r.c.tgbot_nails.service.AdminService - Admin check for user 1108777017: true
2025-10-10 13:00:01.036 [main] INFO  r.c.tgbot_nails.service.AdminService - Seeding initial admins from config
2025-10-10 13:05:43.315 [main] INFO  r.c.tgbot_nails.service.AdminService - Seeding initial admins from config
2025-10-10 13:05:46.759 [SignForMasters_bot Telegram Executor] DEBUG r.c.t.service.AppointmentService - Getting user by id: 1108777017
2025-10-10 13:05:46.767 [SignForMasters_bot Telegram Executor] DEBUG r.c.tgbot_nails.service.AdminService - Admin check for user 1108777017: true
2025-10-10 13:05:47.921 [SignForMasters_bot Telegram Executor] DEBUG r.c.tgbot_nails.service.AdminService - Admin check for user 1108777017: true
2025-10-10 13:05:48.851 [SignForMasters_bot Telegram Executor] DEBUG r.c.tgbot_nails.service.AdminService - Admin check for user 1108777017: true
2025-10-10 13:05:48.853 [SignForMasters_bot Telegram Executor] DEBUG r.c.t.service.AppointmentService - Getting available slots for master m1 on 2025-10-10
2025-10-10 13:05:49.556 [SignForMasters_bot Telegram Executor] DEBUG r.c.tgbot_nails.service.AdminService - Admin check for user 1108777017: true
2025-10-10 13:05:50.434 [SignForMasters_bot Telegram Executor] DEBUG r.c.tgbot_nails.service.AdminService - Admin check for user 1108777017: true
2025-10-10 13:06:01.267 [main] INFO  r.c.tgbot_nails.service.AdminService - Seeding initial admins from config
2025-10-10 13:06:06.285 [SignForMasters_bot Telegram Executor] DEBUG r.c.tgbot_nails.service.AdminService - Admin check for user 1108777017: true
2025-10-10 13:06:06.285 [SignForMasters_bot Telegram Executor] DEBUG r.c.tgbot_nails.service.AdminService - Admin check for user 1108777017: true
2025-10-10 13:06:08.769 [SignForMasters_bot Telegram Executor] DEBUG r.c.t.service.AppointmentService - Getting user by id: 1108777017
2025-10-10 13:06:08.775 [SignForMasters_bot Telegram Executor] DEBUG r.c.tgbot_nails.service.AdminService - Admin check for user 1108777017: true
2025-10-10 13:06:10.047 [SignForMasters_bot Telegram Executor] DEBUG r.c.tgbot_nails.service.AdminService - Admin check for user 1108777017: true
2025-10-10 13:06:11.616 [SignForMasters_bot Telegram Executor] DEBUG r.c.tgbot_nails.service.AdminService - Admin check for user 1108777017: true
2025-10-10 13:06:11.617 [SignForMasters_bot Telegram Executor] DEBUG r.c.t.service.AppointmentService - Getting available slots for master m1 on 2025-10-10
2025-10-10 13:06:43.747 [SignForMasters_bot Telegram Executor] DEBUG r.c.tgbot_nails.service.AdminService - Admin check for user 1108777017: true
2025-10-10 13:06:44.899 [SignForMasters_bot Telegram Executor] DEBUG r.c.tgbot_nails.service.AdminService - Admin check for user 1108777017: true
2025-10-10 13:06:46.994 [SignForMasters_bot Telegram Executor] DEBUG r.c.tgbot_nails.service.AdminService - Admin check for user 1108777017: true
2025-10-10 13:06:48.067 [SignForMasters_bot Telegram Executor] DEBUG r.c.t.service.AppointmentService - Getting user by id: 1108777017
2025-10-10 13:06:48.069 [SignForMasters_bot Telegram Executor] DEBUG r.c.tgbot_nails.service.AdminService - Admin check for user 1108777017: true
2025-10-10 13:06:50.413 [SignForMasters_bot Telegram Executor] DEBUG r.c.tgbot_nails.service.AdminService - Admin check for user 1108777017: true
2025-10-10 13:06:51.415 [SignForMasters_bot Telegram Executor] DEBUG r.c.tgbot_nails.service.AdminService - Admin check for user 1108777017: true
2025-10-10 13:06:51.417 [SignForMasters_bot Telegram Executor] DEBUG r.c.t.service.AppointmentService - Getting available slots for master m1 on 2025-10-10
